<html xmlns:math="http://exslt.org/math" xmlns:testng="http://testng.org">
   <head>
      <title>TestNG Results</title>
      <meta http-equiv="content-type" content="text/html; charset=utf-8"></meta>
      <meta http-equiv="pragma" content="no-cache"></meta>
      <meta http-equiv="cache-control" content="max-age=0"></meta>
      <meta http-equiv="cache-control" content="no-cache"></meta>
      <meta http-equiv="cache-control" content="no-store"></meta>
      <LINK rel="stylesheet" href="style.css"></LINK>
      <script type="text/javascript" src="main.js"></script>
   </head>
   <body>
      <table width="100%" style="font-size: 16px; margin-bottom: 10px;" cellspacing="1">
         <tr>
            <td width="100%">
               Test case
               
               <b>testng1</b>
            </td>
            <td style="background-color: #FFBBBB; padding: 3px 3px 3px 0;" align="center">
               <div style="width: 50px;">0</div>
            </td>
            <td style="background-color: lightgreen; padding: 3px 3px 3px 0;" align="center">
               <div style="width: 50px;">11</div>
            </td>
            <td style="background-color: #FFFFBB; padding: 3px 3px 3px 0;" align="center">
               <div style="width: 50px;">3</div>
            </td>
            <td align="center" style="background-color: #eaf0f7; padding: 3px 3px 3px 0;">
               <div style="width: 50px;">14</div>
            </td>
            <td align="center"
                style="font-weight: bold; background-color: #eaf0f7; padding: 3px 3px 3px 0;">
               <div style="width: 50px;">79%</div>
            </td>
            <td style="background-color: #eaf0f7; padding: 3px 3px 3px 0;" align="center"
                nowrap="true">4m
               24s
               
            </td>
         </tr>
      </table>
      <div style="width: 200px;">
         <label for="groupMethodsCheckBox" style="font-weight: bold; margin: 0;">
            <input id="groupMethodsCheckBox" type="checkbox" onclick="switchTestMethodsView(this)"></input>
            Group by class
            
         </label>
         <br></br>
         <label for="methodsFilter_ALL" style="font-weight: bold; margin: 0;">
            <input id="methodsFilter_ALL" type="checkbox"
                   onclick="testMethodsFilterChanged(this, 'ALL')"></input>
            All
            
         </label>
      </div>
      <label for="methodsFilter_FAIL" style="margin-left: 20px;">
         <input id="methodsFilter_FAIL" type="checkbox"
                onclick="testMethodsFilterChanged(this, 'FAIL')"
                checked=""></input>
         Failed
         
      </label>
      <label for="methodsFilter_PASS">
         <input id="methodsFilter_PASS" type="checkbox"
                onclick="testMethodsFilterChanged(this, 'PASS')"
                checked=""></input>
         Passed
         
      </label>
      <label for="methodsFilter_SKIP">
         <input id="methodsFilter_SKIP" type="checkbox"
                onclick="testMethodsFilterChanged(this, 'SKIP')"
                checked=""></input>
         Skipped
         
      </label>
      <label for="methodsFilter_CONF">
         <input id="methodsFilter_CONF" type="checkbox"
                onclick="testMethodsFilterChanged(this, 'CONF')"></input>
         Config
         
      </label>
      <br></br>
      <div id="testMethodsByStatus">
         <table class="testMethodsTable" cellpadding="0" cellspacing="0">
            <tr class="methodsTableHeader">
               <td width="100%">Name</td>
               <td nowrap="true">Started</td>
               <td nowrap="true">Duration</td>
               <td>Exception</td>
            </tr>
            <tr id="com.qa.testcases.HomePageTest_setup_byStatus_failed_FAIL1_row"
                class="testMethodStatusFAIL testMethodStatusCONF">
               <td width="100%" class="firstMethodCell">
                  <a onclick="toggleDetailsVisibility('com.qa.testcases.HomePageTest_setup_byStatus_failed_FAIL1_details')">setup()</a>
               </td>
               <td nowrap="true">12:59:23</td>
               <td nowrap="true" align="right">31s
                  
               </td>
               <td nowrap="true">
                  <a onclick="toggleDetailsVisibility('com.qa.testcases.HomePageTest_setup_byStatus_failed_FAIL1_exception')">org.openqa.selenium.TimeoutException: 
                     timeout: Timed out receiving message from renderer: 29.273
                     (Session info: MicrosoftEdge=120.0.2210.133)
                     Build info: version: '4.14.1', revision: '03f8ede370'
                     System info: os.name: 'Windows 10', os.arch: 'amd64', os.version: '10.0', java.version: '14.0.2'
                     Driver info: org.openqa.selenium.edge.EdgeDriver
                     Command: [a8ded4ffa5905217f35c7a7427a537d8, get {url=https://www.amazon.in}]
                     Capabilities {acceptInsecureCerts: false, browserName: MicrosoftEdge, browserVersion: 120.0.2210.133, fedcm:accounts: true,
                     ms:edgeOptions: {debuggerAddress: localhost:50113}, msedge: {msedgedriverVersion: 120.0.2210.133 (5a3825c4628..., userDataDir:
                     C:\Users\jaybr\AppData\Loca...}, networkConnectionEnabled: false, pageLoadStrategy: normal, platformName: windows, proxy:
                     Proxy(), se:cdp: ws://localhost:50113/devtoo..., se:cdpVersion: 120.0.2210.133, setWindowRect: true, strictFileInteractability:
                     false, timeouts: {implicit: 0, pageLoad: 300000, script: 30000}, unhandledPromptBehavior: dismiss and notify, webauthn:extension:credBlob:
                     true, webauthn:extension:largeBlob: true, webauthn:extension:minPinLength: true, webauthn:extension:prf: true, webauthn:virtualAuthenticators:
                     true}
                     Session ID: a8ded4ffa5905217f35c7a7427a537d8
                     
                  </a>
                   
                  
               </td>
            </tr>
            <tr>
               <td colspan="4" class="detailsBox">
                  <div id="com.qa.testcases.HomePageTest_setup_byStatus_failed_FAIL1_details"
                       class="testMethodDetails">
                     <div>
                        <b>Name: </b>setup
                     </div>
                     <div>
                        <b>Signature: </b>setup()[pri:0, instance:com.qa.testcases.HomePageTest@f79e]
                     </div>
                     <div>
                        <b>Start time: </b>12:59:23
                     </div>
                     <div>
                        <b>End time: </b>12:59:55
                     </div>
                     <div>
                        <b>Duration: </b>31s
                        
                     </div>
                  </div>
               </td>
            </tr>
            <tr>
               <td colspan="4" class="detailsBox">
                  <div id="com.qa.testcases.HomePageTest_setup_byStatus_failed_FAIL1_exception"
                       class="testMethodDetails">
                     <pre style="padding: 5px; margin: 0;">org.openqa.selenium.TimeoutException: timeout: Timed out receiving message from renderer: 29.273
                        (Session info: MicrosoftEdge=120.0.2210.133)
                        Build info: version: '4.14.1', revision: '03f8ede370'
                        System info: os.name: 'Windows 10', os.arch: 'amd64', os.version: '10.0', java.version: '14.0.2'
                        Driver info: org.openqa.selenium.edge.EdgeDriver
                        Command: [a8ded4ffa5905217f35c7a7427a537d8, get {url=https://www.amazon.in}]
                        Capabilities {acceptInsecureCerts: false, browserName: MicrosoftEdge, browserVersion: 120.0.2210.133, fedcm:accounts: true,
                        ms:edgeOptions: {debuggerAddress: localhost:50113}, msedge: {msedgedriverVersion: 120.0.2210.133 (5a3825c4628..., userDataDir:
                        C:\Users\jaybr\AppData\Loca...}, networkConnectionEnabled: false, pageLoadStrategy: normal, platformName: windows, proxy:
                        Proxy(), se:cdp: ws://localhost:50113/devtoo..., se:cdpVersion: 120.0.2210.133, setWindowRect: true, strictFileInteractability:
                        false, timeouts: {implicit: 0, pageLoad: 300000, script: 30000}, unhandledPromptBehavior: dismiss and notify, webauthn:extension:credBlob:
                        true, webauthn:extension:largeBlob: true, webauthn:extension:minPinLength: true, webauthn:extension:prf: true, webauthn:virtualAuthenticators:
                        true}
                        Session ID: a8ded4ffa5905217f35c7a7427a537d8
                        at java.base/jdk.internal.reflect.NativeConstructorAccessorImpl.newInstance0(Native Method)
                        at java.base/jdk.internal.reflect.NativeConstructorAccessorImpl.newInstance(NativeConstructorAccessorImpl.java:62)
                        at java.base/jdk.internal.reflect.DelegatingConstructorAccessorImpl.newInstance(DelegatingConstructorAccessorImpl.java:45)
                        at java.base/java.lang.reflect.Constructor.newInstanceWithCaller(Constructor.java:500)
                        at java.base/java.lang.reflect.Constructor.newInstance(Constructor.java:481)
                        at org.openqa.selenium.remote.codec.w3c.W3CHttpResponseCodec.createException(W3CHttpResponseCodec.java:200)
                        at org.openqa.selenium.remote.codec.w3c.W3CHttpResponseCodec.decode(W3CHttpResponseCodec.java:133)
                        at org.openqa.selenium.remote.codec.w3c.W3CHttpResponseCodec.decode(W3CHttpResponseCodec.java:52)
                        at org.openqa.selenium.remote.HttpCommandExecutor.execute(HttpCommandExecutor.java:191)
                        at org.openqa.selenium.remote.service.DriverCommandExecutor.invokeExecute(DriverCommandExecutor.java:200)
                        at org.openqa.selenium.remote.service.DriverCommandExecutor.execute(DriverCommandExecutor.java:175)
                        at org.openqa.selenium.remote.RemoteWebDriver.execute(RemoteWebDriver.java:602)
                        at org.openqa.selenium.remote.RemoteWebDriver.get(RemoteWebDriver.java:304)
                        at com.qa.base.TestBase.intialization(TestBase.java:53)
                        at com.qa.testcases.HomePageTest.setup(HomePageTest.java:24)
                        at java.base/jdk.internal.reflect.NativeMethodAccessorImpl.invoke0(Native Method)
                        at java.base/jdk.internal.reflect.NativeMethodAccessorImpl.invoke(NativeMethodAccessorImpl.java:62)
                        at java.base/jdk.internal.reflect.DelegatingMethodAccessorImpl.invoke(DelegatingMethodAccessorImpl.java:43)
                        at java.base/java.lang.reflect.Method.invoke(Method.java:564)
                        at org.testng.internal.MethodInvocationHelper.invokeMethod(MethodInvocationHelper.java:124)
                        at org.testng.internal.MethodInvocationHelper.invokeMethodConsideringTimeout(MethodInvocationHelper.java:59)
                        at org.testng.internal.Invoker.invokeConfigurationMethod(Invoker.java:455)
                        at org.testng.internal.Invoker.invokeConfigurations(Invoker.java:222)
                        at org.testng.internal.Invoker.invokeMethod(Invoker.java:520)
                        at org.testng.internal.Invoker.invokeTestMethod(Invoker.java:716)
                        at org.testng.internal.Invoker.invokeTestMethods(Invoker.java:988)
                        at org.testng.internal.TestMethodWorker.invokeTestMethods(TestMethodWorker.java:125)
                        at org.testng.internal.TestMethodWorker.run(TestMethodWorker.java:109)
                        at org.testng.TestRunner.privateRun(TestRunner.java:648)
                        at org.testng.TestRunner.run(TestRunner.java:505)
                        at org.testng.SuiteRunner.runTest(SuiteRunner.java:455)
                        at org.testng.SuiteRunner.runSequentially(SuiteRunner.java:450)
                        at org.testng.SuiteRunner.privateRun(SuiteRunner.java:415)
                        at org.testng.SuiteRunner.run(SuiteRunner.java:364)
                        at org.testng.SuiteRunnerWorker.runSuite(SuiteRunnerWorker.java:52)
                        at org.testng.SuiteRunnerWorker.run(SuiteRunnerWorker.java:84)
                        at org.testng.TestNG.runSuitesSequentially(TestNG.java:1208)
                        at org.testng.TestNG.runSuitesLocally(TestNG.java:1137)
                        at org.testng.TestNG.runSuites(TestNG.java:1049)
                        at org.testng.TestNG.run(TestNG.java:1017)
                        at org.testng.TestNG.privateMain(TestNG.java:1354)
                        at org.testng.TestNG.main(TestNG.java:1323)
                     </pre>
                  </div>
               </td>
            </tr>
            <tr id="com.qa.testcases.HomePageTest_setup_byStatus_passed_PASS1_row"
                class="testMethodStatusPASS testMethodStatusCONF">
               <td width="100%" class="firstMethodCell">
                  <a onclick="toggleDetailsVisibility('com.qa.testcases.HomePageTest_setup_byStatus_passed_PASS1_details')">setup()</a>
               </td>
               <td nowrap="true">12:56:26</td>
               <td nowrap="true" align="right">18s
                  
               </td>
               <td nowrap="true">
                   
                  
               </td>
            </tr>
            <tr>
               <td colspan="4" class="detailsBox">
                  <div id="com.qa.testcases.HomePageTest_setup_byStatus_passed_PASS1_details"
                       class="testMethodDetails">
                     <div>
                        <b>Name: </b>setup
                     </div>
                     <div>
                        <b>Signature: </b>setup()[pri:0, instance:com.qa.testcases.HomePageTest@f79e]
                     </div>
                     <div>
                        <b>Start time: </b>12:56:26
                     </div>
                     <div>
                        <b>End time: </b>12:56:45
                     </div>
                     <div>
                        <b>Duration: </b>18s
                        
                     </div>
                  </div>
               </td>
            </tr>
            <tr></tr>
            <tr id="com.qa.testcases.HomePageTest_HomePagetitletest_byStatus_passed_PASS2_row"
                class="testMethodStatusPASS">
               <td width="100%" class="firstMethodCell">
                  <a onclick="toggleDetailsVisibility('com.qa.testcases.HomePageTest_HomePagetitletest_byStatus_passed_PASS2_details')">HomePagetitletest()</a>
               </td>
               <td nowrap="true">12:56:45</td>
               <td nowrap="true" align="right">4s
                  
               </td>
               <td nowrap="true">
                   
                  
               </td>
            </tr>
            <tr>
               <td colspan="4" class="detailsBox">
                  <div id="com.qa.testcases.HomePageTest_HomePagetitletest_byStatus_passed_PASS2_details"
                       class="testMethodDetails">
                     <div>
                        <b>Name: </b>HomePagetitletest
                     </div>
                     <div>
                        <b>Signature: </b>HomePagetitletest()[pri:0, instance:com.qa.testcases.HomePageTest@f79e]
                     </div>
                     <div>
                        <b>Start time: </b>12:56:45
                     </div>
                     <div>
                        <b>End time: </b>12:56:49
                     </div>
                     <div>
                        <b>Duration: </b>4s
                        
                     </div>
                  </div>
               </td>
            </tr>
            <tr></tr>
            <tr id="com.qa.testcases.HomePageTest_teardown_byStatus_passed_PASS3_row"
                class="testMethodStatusPASS testMethodStatusCONF">
               <td width="100%" class="firstMethodCell">
                  <a onclick="toggleDetailsVisibility('com.qa.testcases.HomePageTest_teardown_byStatus_passed_PASS3_details')">teardown()</a>
               </td>
               <td nowrap="true">12:56:49</td>
               <td nowrap="true" align="right">878 ms
                  
               </td>
               <td nowrap="true">
                   
                  
               </td>
            </tr>
            <tr>
               <td colspan="4" class="detailsBox">
                  <div id="com.qa.testcases.HomePageTest_teardown_byStatus_passed_PASS3_details"
                       class="testMethodDetails">
                     <div>
                        <b>Name: </b>teardown
                     </div>
                     <div>
                        <b>Signature: </b>teardown()[pri:0, instance:com.qa.testcases.HomePageTest@f79e]
                     </div>
                     <div>
                        <b>Start time: </b>12:56:49
                     </div>
                     <div>
                        <b>End time: </b>12:56:50
                     </div>
                     <div>
                        <b>Duration: </b>878 ms
                        
                     </div>
                  </div>
               </td>
            </tr>
            <tr></tr>
            <tr id="com.qa.testcases.HomePageTest_setup_byStatus_passed_PASS4_row"
                class="testMethodStatusPASS testMethodStatusCONF">
               <td width="100%" class="firstMethodCell">
                  <a onclick="toggleDetailsVisibility('com.qa.testcases.HomePageTest_setup_byStatus_passed_PASS4_details')">setup()</a>
               </td>
               <td nowrap="true">12:56:50</td>
               <td nowrap="true" align="right">15s
                  
               </td>
               <td nowrap="true">
                   
                  
               </td>
            </tr>
            <tr>
               <td colspan="4" class="detailsBox">
                  <div id="com.qa.testcases.HomePageTest_setup_byStatus_passed_PASS4_details"
                       class="testMethodDetails">
                     <div>
                        <b>Name: </b>setup
                     </div>
                     <div>
                        <b>Signature: </b>setup()[pri:0, instance:com.qa.testcases.HomePageTest@f79e]
                     </div>
                     <div>
                        <b>Start time: </b>12:56:50
                     </div>
                     <div>
                        <b>End time: </b>12:57:06
                     </div>
                     <div>
                        <b>Duration: </b>15s
                        
                     </div>
                  </div>
               </td>
            </tr>
            <tr></tr>
            <tr id="com.qa.testcases.HomePageTest_verifyamazonimgTest_byStatus_passed_PASS5_row"
                class="testMethodStatusPASS">
               <td width="100%" class="firstMethodCell">
                  <a onclick="toggleDetailsVisibility('com.qa.testcases.HomePageTest_verifyamazonimgTest_byStatus_passed_PASS5_details')">verifyamazonimgTest()</a>
               </td>
               <td nowrap="true">12:57:06</td>
               <td nowrap="true" align="right">6s
                  
               </td>
               <td nowrap="true">
                   
                  
               </td>
            </tr>
            <tr>
               <td colspan="4" class="detailsBox">
                  <div id="com.qa.testcases.HomePageTest_verifyamazonimgTest_byStatus_passed_PASS5_details"
                       class="testMethodDetails">
                     <div>
                        <b>Name: </b>verifyamazonimgTest
                     </div>
                     <div>
                        <b>Signature: </b>verifyamazonimgTest()[pri:0, instance:com.qa.testcases.HomePageTest@f79e]
                     </div>
                     <div>
                        <b>Start time: </b>12:57:06
                     </div>
                     <div>
                        <b>End time: </b>12:57:12
                     </div>
                     <div>
                        <b>Duration: </b>6s
                        
                     </div>
                     <div>
                        <b>Depends on methods:
                           
                        </b>
                        <div>
                               -
                           com.qa.testcases.HomePageTest.HomePagetitletest
                        </div>
                     </div>
                  </div>
               </td>
            </tr>
            <tr></tr>
            <tr id="com.qa.testcases.HomePageTest_teardown_byStatus_passed_PASS6_row"
                class="testMethodStatusPASS testMethodStatusCONF">
               <td width="100%" class="firstMethodCell">
                  <a onclick="toggleDetailsVisibility('com.qa.testcases.HomePageTest_teardown_byStatus_passed_PASS6_details')">teardown()</a>
               </td>
               <td nowrap="true">12:57:12</td>
               <td nowrap="true" align="right">880 ms
                  
               </td>
               <td nowrap="true">
                   
                  
               </td>
            </tr>
            <tr>
               <td colspan="4" class="detailsBox">
                  <div id="com.qa.testcases.HomePageTest_teardown_byStatus_passed_PASS6_details"
                       class="testMethodDetails">
                     <div>
                        <b>Name: </b>teardown
                     </div>
                     <div>
                        <b>Signature: </b>teardown()[pri:0, instance:com.qa.testcases.HomePageTest@f79e]
                     </div>
                     <div>
                        <b>Start time: </b>12:57:12
                     </div>
                     <div>
                        <b>End time: </b>12:57:13
                     </div>
                     <div>
                        <b>Duration: </b>880 ms
                        
                     </div>
                  </div>
               </td>
            </tr>
            <tr></tr>
            <tr id="com.qa.testcases.HomePageTest_setup_byStatus_passed_PASS7_row"
                class="testMethodStatusPASS testMethodStatusCONF">
               <td width="100%" class="firstMethodCell">
                  <a onclick="toggleDetailsVisibility('com.qa.testcases.HomePageTest_setup_byStatus_passed_PASS7_details')">setup()</a>
               </td>
               <td nowrap="true">12:57:13</td>
               <td nowrap="true" align="right">17s
                  
               </td>
               <td nowrap="true">
                   
                  
               </td>
            </tr>
            <tr>
               <td colspan="4" class="detailsBox">
                  <div id="com.qa.testcases.HomePageTest_setup_byStatus_passed_PASS7_details"
                       class="testMethodDetails">
                     <div>
                        <b>Name: </b>setup
                     </div>
                     <div>
                        <b>Signature: </b>setup()[pri:0, instance:com.qa.testcases.HomePageTest@f79e]
                     </div>
                     <div>
                        <b>Start time: </b>12:57:13
                     </div>
                     <div>
                        <b>End time: </b>12:57:31
                     </div>
                     <div>
                        <b>Duration: </b>17s
                        
                     </div>
                  </div>
               </td>
            </tr>
            <tr></tr>
            <tr id="com.qa.testcases.HomePageTest_verifydelivarytabTest_byStatus_passed_PASS8_row"
                class="testMethodStatusPASS">
               <td width="100%" class="firstMethodCell">
                  <a onclick="toggleDetailsVisibility('com.qa.testcases.HomePageTest_verifydelivarytabTest_byStatus_passed_PASS8_details')">verifydelivarytabTest()</a>
               </td>
               <td nowrap="true">12:57:31</td>
               <td nowrap="true" align="right">3s
                  
               </td>
               <td nowrap="true">
                   
                  
               </td>
            </tr>
            <tr>
               <td colspan="4" class="detailsBox">
                  <div id="com.qa.testcases.HomePageTest_verifydelivarytabTest_byStatus_passed_PASS8_details"
                       class="testMethodDetails">
                     <div>
                        <b>Name: </b>verifydelivarytabTest
                     </div>
                     <div>
                        <b>Signature: </b>verifydelivarytabTest()[pri:0, instance:com.qa.testcases.HomePageTest@f79e]
                     </div>
                     <div>
                        <b>Start time: </b>12:57:31
                     </div>
                     <div>
                        <b>End time: </b>12:57:34
                     </div>
                     <div>
                        <b>Duration: </b>3s
                        
                     </div>
                     <div>
                        <b>Depends on methods:
                           
                        </b>
                        <div>
                               -
                           com.qa.testcases.HomePageTest.verifyamazonimgTest
                        </div>
                     </div>
                  </div>
               </td>
            </tr>
            <tr></tr>
            <tr id="com.qa.testcases.HomePageTest_teardown_byStatus_passed_PASS9_row"
                class="testMethodStatusPASS testMethodStatusCONF">
               <td width="100%" class="firstMethodCell">
                  <a onclick="toggleDetailsVisibility('com.qa.testcases.HomePageTest_teardown_byStatus_passed_PASS9_details')">teardown()</a>
               </td>
               <td nowrap="true">12:57:34</td>
               <td nowrap="true" align="right">895 ms
                  
               </td>
               <td nowrap="true">
                   
                  
               </td>
            </tr>
            <tr>
               <td colspan="4" class="detailsBox">
                  <div id="com.qa.testcases.HomePageTest_teardown_byStatus_passed_PASS9_details"
                       class="testMethodDetails">
                     <div>
                        <b>Name: </b>teardown
                     </div>
                     <div>
                        <b>Signature: </b>teardown()[pri:0, instance:com.qa.testcases.HomePageTest@f79e]
                     </div>
                     <div>
                        <b>Start time: </b>12:57:34
                     </div>
                     <div>
                        <b>End time: </b>12:57:35
                     </div>
                     <div>
                        <b>Duration: </b>895 ms
                        
                     </div>
                  </div>
               </td>
            </tr>
            <tr></tr>
            <tr id="com.qa.testcases.HomePageTest_setup_byStatus_passed_PASS10_row"
                class="testMethodStatusPASS testMethodStatusCONF">
               <td width="100%" class="firstMethodCell">
                  <a onclick="toggleDetailsVisibility('com.qa.testcases.HomePageTest_setup_byStatus_passed_PASS10_details')">setup()</a>
               </td>
               <td nowrap="true">12:57:35</td>
               <td nowrap="true" align="right">31s
                  
               </td>
               <td nowrap="true">
                   
                  
               </td>
            </tr>
            <tr>
               <td colspan="4" class="detailsBox">
                  <div id="com.qa.testcases.HomePageTest_setup_byStatus_passed_PASS10_details"
                       class="testMethodDetails">
                     <div>
                        <b>Name: </b>setup
                     </div>
                     <div>
                        <b>Signature: </b>setup()[pri:0, instance:com.qa.testcases.HomePageTest@f79e]
                     </div>
                     <div>
                        <b>Start time: </b>12:57:35
                     </div>
                     <div>
                        <b>End time: </b>12:58:07
                     </div>
                     <div>
                        <b>Duration: </b>31s
                        
                     </div>
                  </div>
               </td>
            </tr>
            <tr></tr>
            <tr id="com.qa.testcases.HomePageTest_verifydropdownTest_byStatus_passed_PASS11_row"
                class="testMethodStatusPASS">
               <td width="100%" class="firstMethodCell">
                  <a onclick="toggleDetailsVisibility('com.qa.testcases.HomePageTest_verifydropdownTest_byStatus_passed_PASS11_details')">verifydropdownTest()</a>
               </td>
               <td nowrap="true">12:58:07</td>
               <td nowrap="true" align="right">6s
                  
               </td>
               <td nowrap="true">
                   
                  
               </td>
            </tr>
            <tr>
               <td colspan="4" class="detailsBox">
                  <div id="com.qa.testcases.HomePageTest_verifydropdownTest_byStatus_passed_PASS11_details"
                       class="testMethodDetails">
                     <div>
                        <b>Name: </b>verifydropdownTest
                     </div>
                     <div>
                        <b>Signature: </b>verifydropdownTest()[pri:0, instance:com.qa.testcases.HomePageTest@f79e]
                     </div>
                     <div>
                        <b>Start time: </b>12:58:07
                     </div>
                     <div>
                        <b>End time: </b>12:58:14
                     </div>
                     <div>
                        <b>Duration: </b>6s
                        
                     </div>
                     <div>
                        <b>Depends on methods:
                           
                        </b>
                        <div>
                               -
                           com.qa.testcases.HomePageTest.verifydelivarytabTest
                        </div>
                     </div>
                  </div>
               </td>
            </tr>
            <tr></tr>
            <tr id="com.qa.testcases.HomePageTest_teardown_byStatus_passed_PASS12_row"
                class="testMethodStatusPASS testMethodStatusCONF">
               <td width="100%" class="firstMethodCell">
                  <a onclick="toggleDetailsVisibility('com.qa.testcases.HomePageTest_teardown_byStatus_passed_PASS12_details')">teardown()</a>
               </td>
               <td nowrap="true">12:58:14</td>
               <td nowrap="true" align="right">894 ms
                  
               </td>
               <td nowrap="true">
                   
                  
               </td>
            </tr>
            <tr>
               <td colspan="4" class="detailsBox">
                  <div id="com.qa.testcases.HomePageTest_teardown_byStatus_passed_PASS12_details"
                       class="testMethodDetails">
                     <div>
                        <b>Name: </b>teardown
                     </div>
                     <div>
                        <b>Signature: </b>teardown()[pri:0, instance:com.qa.testcases.HomePageTest@f79e]
                     </div>
                     <div>
                        <b>Start time: </b>12:58:14
                     </div>
                     <div>
                        <b>End time: </b>12:58:15
                     </div>
                     <div>
                        <b>Duration: </b>894 ms
                        
                     </div>
                  </div>
               </td>
            </tr>
            <tr></tr>
            <tr id="com.qa.testcases.HomePageTest_setup_byStatus_passed_PASS13_row"
                class="testMethodStatusPASS testMethodStatusCONF">
               <td width="100%" class="firstMethodCell">
                  <a onclick="toggleDetailsVisibility('com.qa.testcases.HomePageTest_setup_byStatus_passed_PASS13_details')">setup()</a>
               </td>
               <td nowrap="true">12:58:15</td>
               <td nowrap="true" align="right">15s
                  
               </td>
               <td nowrap="true">
                   
                  
               </td>
            </tr>
            <tr>
               <td colspan="4" class="detailsBox">
                  <div id="com.qa.testcases.HomePageTest_setup_byStatus_passed_PASS13_details"
                       class="testMethodDetails">
                     <div>
                        <b>Name: </b>setup
                     </div>
                     <div>
                        <b>Signature: </b>setup()[pri:0, instance:com.qa.testcases.HomePageTest@f79e]
                     </div>
                     <div>
                        <b>Start time: </b>12:58:15
                     </div>
                     <div>
                        <b>End time: </b>12:58:31
                     </div>
                     <div>
                        <b>Duration: </b>15s
                        
                     </div>
                  </div>
               </td>
            </tr>
            <tr></tr>
            <tr id="com.qa.testcases.HomePageTest_serchbarTest_byStatus_passed_PASS14_row"
                class="testMethodStatusPASS">
               <td width="100%" class="firstMethodCell">
                  <a onclick="toggleDetailsVisibility('com.qa.testcases.HomePageTest_serchbarTest_byStatus_passed_PASS14_details')">serchbarTest()</a>
               </td>
               <td nowrap="true">12:58:31</td>
               <td nowrap="true" align="right">4s
                  
               </td>
               <td nowrap="true">
                   
                  
               </td>
            </tr>
            <tr>
               <td colspan="4" class="detailsBox">
                  <div id="com.qa.testcases.HomePageTest_serchbarTest_byStatus_passed_PASS14_details"
                       class="testMethodDetails">
                     <div>
                        <b>Name: </b>serchbarTest
                     </div>
                     <div>
                        <b>Signature: </b>serchbarTest()[pri:0, instance:com.qa.testcases.HomePageTest@f79e]
                     </div>
                     <div>
                        <b>Start time: </b>12:58:31
                     </div>
                     <div>
                        <b>End time: </b>12:58:35
                     </div>
                     <div>
                        <b>Duration: </b>4s
                        
                     </div>
                     <div>
                        <b>Depends on methods:
                           
                        </b>
                        <div>
                               -
                           com.qa.testcases.HomePageTest.verifydropdownTest
                        </div>
                     </div>
                  </div>
               </td>
            </tr>
            <tr></tr>
            <tr id="com.qa.testcases.HomePageTest_teardown_byStatus_passed_PASS15_row"
                class="testMethodStatusPASS testMethodStatusCONF">
               <td width="100%" class="firstMethodCell">
                  <a onclick="toggleDetailsVisibility('com.qa.testcases.HomePageTest_teardown_byStatus_passed_PASS15_details')">teardown()</a>
               </td>
               <td nowrap="true">12:58:35</td>
               <td nowrap="true" align="right">829 ms
                  
               </td>
               <td nowrap="true">
                   
                  
               </td>
            </tr>
            <tr>
               <td colspan="4" class="detailsBox">
                  <div id="com.qa.testcases.HomePageTest_teardown_byStatus_passed_PASS15_details"
                       class="testMethodDetails">
                     <div>
                        <b>Name: </b>teardown
                     </div>
                     <div>
                        <b>Signature: </b>teardown()[pri:0, instance:com.qa.testcases.HomePageTest@f79e]
                     </div>
                     <div>
                        <b>Start time: </b>12:58:35
                     </div>
                     <div>
                        <b>End time: </b>12:58:36
                     </div>
                     <div>
                        <b>Duration: </b>829 ms
                        
                     </div>
                  </div>
               </td>
            </tr>
            <tr></tr>
            <tr id="com.qa.testcases.HomePageTest_setup_byStatus_passed_PASS16_row"
                class="testMethodStatusPASS testMethodStatusCONF">
               <td width="100%" class="firstMethodCell">
                  <a onclick="toggleDetailsVisibility('com.qa.testcases.HomePageTest_setup_byStatus_passed_PASS16_details')">setup()</a>
               </td>
               <td nowrap="true">12:58:36</td>
               <td nowrap="true" align="right">40s
                  
               </td>
               <td nowrap="true">
                   
                  
               </td>
            </tr>
            <tr>
               <td colspan="4" class="detailsBox">
                  <div id="com.qa.testcases.HomePageTest_setup_byStatus_passed_PASS16_details"
                       class="testMethodDetails">
                     <div>
                        <b>Name: </b>setup
                     </div>
                     <div>
                        <b>Signature: </b>setup()[pri:0, instance:com.qa.testcases.HomePageTest@f79e]
                     </div>
                     <div>
                        <b>Start time: </b>12:58:36
                     </div>
                     <div>
                        <b>End time: </b>12:59:17
                     </div>
                     <div>
                        <b>Duration: </b>40s
                        
                     </div>
                  </div>
               </td>
            </tr>
            <tr></tr>
            <tr id="com.qa.testcases.HomePageTest_languageboxTest_byStatus_passed_PASS17_row"
                class="testMethodStatusPASS">
               <td width="100%" class="firstMethodCell">
                  <a onclick="toggleDetailsVisibility('com.qa.testcases.HomePageTest_languageboxTest_byStatus_passed_PASS17_details')">languageboxTest()</a>
               </td>
               <td nowrap="true">12:59:17</td>
               <td nowrap="true" align="right">5s
                  
               </td>
               <td nowrap="true">
                   
                  
               </td>
            </tr>
            <tr>
               <td colspan="4" class="detailsBox">
                  <div id="com.qa.testcases.HomePageTest_languageboxTest_byStatus_passed_PASS17_details"
                       class="testMethodDetails">
                     <div>
                        <b>Name: </b>languageboxTest
                     </div>
                     <div>
                        <b>Signature: </b>languageboxTest()[pri:0, instance:com.qa.testcases.HomePageTest@f79e]
                     </div>
                     <div>
                        <b>Start time: </b>12:59:17
                     </div>
                     <div>
                        <b>End time: </b>12:59:22
                     </div>
                     <div>
                        <b>Duration: </b>5s
                        
                     </div>
                     <div>
                        <b>Depends on methods:
                           
                        </b>
                        <div>
                               -
                           com.qa.testcases.HomePageTest.serchbarTest
                        </div>
                     </div>
                  </div>
               </td>
            </tr>
            <tr></tr>
            <tr id="com.qa.testcases.HomePageTest_teardown_byStatus_passed_PASS18_row"
                class="testMethodStatusPASS testMethodStatusCONF">
               <td width="100%" class="firstMethodCell">
                  <a onclick="toggleDetailsVisibility('com.qa.testcases.HomePageTest_teardown_byStatus_passed_PASS18_details')">teardown()</a>
               </td>
               <td nowrap="true">12:59:22</td>
               <td nowrap="true" align="right">838 ms
                  
               </td>
               <td nowrap="true">
                   
                  
               </td>
            </tr>
            <tr>
               <td colspan="4" class="detailsBox">
                  <div id="com.qa.testcases.HomePageTest_teardown_byStatus_passed_PASS18_details"
                       class="testMethodDetails">
                     <div>
                        <b>Name: </b>teardown
                     </div>
                     <div>
                        <b>Signature: </b>teardown()[pri:0, instance:com.qa.testcases.HomePageTest@f79e]
                     </div>
                     <div>
                        <b>Start time: </b>12:59:22
                     </div>
                     <div>
                        <b>End time: </b>12:59:23
                     </div>
                     <div>
                        <b>Duration: </b>838 ms
                        
                     </div>
                  </div>
               </td>
            </tr>
            <tr></tr>
            <tr id="com.qa.testcases.LoginPageTest_setup_byStatus_passed_PASS19_row"
                class="testMethodStatusPASS testMethodStatusCONF">
               <td width="100%" class="firstMethodCell">
                  <a onclick="toggleDetailsVisibility('com.qa.testcases.LoginPageTest_setup_byStatus_passed_PASS19_details')">setup()</a>
               </td>
               <td nowrap="true">12:59:55</td>
               <td nowrap="true" align="right">8s
                  
               </td>
               <td nowrap="true">
                   
                  
               </td>
            </tr>
            <tr>
               <td colspan="4" class="detailsBox">
                  <div id="com.qa.testcases.LoginPageTest_setup_byStatus_passed_PASS19_details"
                       class="testMethodDetails">
                     <div>
                        <b>Name: </b>setup
                     </div>
                     <div>
                        <b>Signature: </b>setup()[pri:0, instance:com.qa.testcases.LoginPageTest@1757cd72]
                     </div>
                     <div>
                        <b>Start time: </b>12:59:55
                     </div>
                     <div>
                        <b>End time: </b>13:00:03
                     </div>
                     <div>
                        <b>Duration: </b>8s
                        
                     </div>
                  </div>
               </td>
            </tr>
            <tr></tr>
            <tr id="com.qa.testcases.LoginPageTest_EmptyemailloginTest_byStatus_passed_PASS20_row"
                class="testMethodStatusPASS">
               <td width="100%" class="firstMethodCell">
                  <a onclick="toggleDetailsVisibility('com.qa.testcases.LoginPageTest_EmptyemailloginTest_byStatus_passed_PASS20_details')">EmptyemailloginTest()</a>
               </td>
               <td nowrap="true">13:00:03</td>
               <td nowrap="true" align="right">1s
                  
               </td>
               <td nowrap="true">
                   
                  
               </td>
            </tr>
            <tr>
               <td colspan="4" class="detailsBox">
                  <div id="com.qa.testcases.LoginPageTest_EmptyemailloginTest_byStatus_passed_PASS20_details"
                       class="testMethodDetails">
                     <div>
                        <b>Name: </b>EmptyemailloginTest
                     </div>
                     <div>
                        <b>Signature: </b>EmptyemailloginTest()[pri:0, instance:com.qa.testcases.LoginPageTest@1757cd72]
                     </div>
                     <div>
                        <b>Start time: </b>13:00:03
                     </div>
                     <div>
                        <b>End time: </b>13:00:04
                     </div>
                     <div>
                        <b>Duration: </b>1s
                        
                     </div>
                  </div>
               </td>
            </tr>
            <tr></tr>
            <tr id="com.qa.testcases.LoginPageTest_teardown_byStatus_passed_PASS21_row"
                class="testMethodStatusPASS testMethodStatusCONF">
               <td width="100%" class="firstMethodCell">
                  <a onclick="toggleDetailsVisibility('com.qa.testcases.LoginPageTest_teardown_byStatus_passed_PASS21_details')">teardown()</a>
               </td>
               <td nowrap="true">13:00:04</td>
               <td nowrap="true" align="right">738 ms
                  
               </td>
               <td nowrap="true">
                   
                  
               </td>
            </tr>
            <tr>
               <td colspan="4" class="detailsBox">
                  <div id="com.qa.testcases.LoginPageTest_teardown_byStatus_passed_PASS21_details"
                       class="testMethodDetails">
                     <div>
                        <b>Name: </b>teardown
                     </div>
                     <div>
                        <b>Signature: </b>teardown()[pri:0, instance:com.qa.testcases.LoginPageTest@1757cd72]
                     </div>
                     <div>
                        <b>Start time: </b>13:00:04
                     </div>
                     <div>
                        <b>End time: </b>13:00:05
                     </div>
                     <div>
                        <b>Duration: </b>738 ms
                        
                     </div>
                  </div>
               </td>
            </tr>
            <tr></tr>
            <tr id="com.qa.testcases.LoginPageTest_setup_byStatus_passed_PASS22_row"
                class="testMethodStatusPASS testMethodStatusCONF">
               <td width="100%" class="firstMethodCell">
                  <a onclick="toggleDetailsVisibility('com.qa.testcases.LoginPageTest_setup_byStatus_passed_PASS22_details')">setup()</a>
               </td>
               <td nowrap="true">13:00:05</td>
               <td nowrap="true" align="right">4s
                  
               </td>
               <td nowrap="true">
                   
                  
               </td>
            </tr>
            <tr>
               <td colspan="4" class="detailsBox">
                  <div id="com.qa.testcases.LoginPageTest_setup_byStatus_passed_PASS22_details"
                       class="testMethodDetails">
                     <div>
                        <b>Name: </b>setup
                     </div>
                     <div>
                        <b>Signature: </b>setup()[pri:0, instance:com.qa.testcases.LoginPageTest@1757cd72]
                     </div>
                     <div>
                        <b>Start time: </b>13:00:05
                     </div>
                     <div>
                        <b>End time: </b>13:00:10
                     </div>
                     <div>
                        <b>Duration: </b>4s
                        
                     </div>
                  </div>
               </td>
            </tr>
            <tr></tr>
            <tr id="com.qa.testcases.LoginPageTest_emptypasswordloginTest_byStatus_passed_PASS23_row"
                class="testMethodStatusPASS">
               <td width="100%" class="firstMethodCell">
                  <a onclick="toggleDetailsVisibility('com.qa.testcases.LoginPageTest_emptypasswordloginTest_byStatus_passed_PASS23_details')">emptypasswordloginTest()</a>
               </td>
               <td nowrap="true">13:00:10</td>
               <td nowrap="true" align="right">2s
                  
               </td>
               <td nowrap="true">
                   
                  
               </td>
            </tr>
            <tr>
               <td colspan="4" class="detailsBox">
                  <div id="com.qa.testcases.LoginPageTest_emptypasswordloginTest_byStatus_passed_PASS23_details"
                       class="testMethodDetails">
                     <div>
                        <b>Name: </b>emptypasswordloginTest
                     </div>
                     <div>
                        <b>Signature: </b>emptypasswordloginTest()[pri:0, instance:com.qa.testcases.LoginPageTest@1757cd72]
                     </div>
                     <div>
                        <b>Start time: </b>13:00:10
                     </div>
                     <div>
                        <b>End time: </b>13:00:13
                     </div>
                     <div>
                        <b>Duration: </b>2s
                        
                     </div>
                  </div>
               </td>
            </tr>
            <tr></tr>
            <tr id="com.qa.testcases.LoginPageTest_teardown_byStatus_passed_PASS24_row"
                class="testMethodStatusPASS testMethodStatusCONF">
               <td width="100%" class="firstMethodCell">
                  <a onclick="toggleDetailsVisibility('com.qa.testcases.LoginPageTest_teardown_byStatus_passed_PASS24_details')">teardown()</a>
               </td>
               <td nowrap="true">13:00:13</td>
               <td nowrap="true" align="right">819 ms
                  
               </td>
               <td nowrap="true">
                   
                  
               </td>
            </tr>
            <tr>
               <td colspan="4" class="detailsBox">
                  <div id="com.qa.testcases.LoginPageTest_teardown_byStatus_passed_PASS24_details"
                       class="testMethodDetails">
                     <div>
                        <b>Name: </b>teardown
                     </div>
                     <div>
                        <b>Signature: </b>teardown()[pri:0, instance:com.qa.testcases.LoginPageTest@1757cd72]
                     </div>
                     <div>
                        <b>Start time: </b>13:00:13
                     </div>
                     <div>
                        <b>End time: </b>13:00:14
                     </div>
                     <div>
                        <b>Duration: </b>819 ms
                        
                     </div>
                  </div>
               </td>
            </tr>
            <tr></tr>
            <tr id="com.qa.testcases.LoginPageTest_setup_byStatus_passed_PASS25_row"
                class="testMethodStatusPASS testMethodStatusCONF">
               <td width="100%" class="firstMethodCell">
                  <a onclick="toggleDetailsVisibility('com.qa.testcases.LoginPageTest_setup_byStatus_passed_PASS25_details')">setup()</a>
               </td>
               <td nowrap="true">13:00:14</td>
               <td nowrap="true" align="right">8s
                  
               </td>
               <td nowrap="true">
                   
                  
               </td>
            </tr>
            <tr>
               <td colspan="4" class="detailsBox">
                  <div id="com.qa.testcases.LoginPageTest_setup_byStatus_passed_PASS25_details"
                       class="testMethodDetails">
                     <div>
                        <b>Name: </b>setup
                     </div>
                     <div>
                        <b>Signature: </b>setup()[pri:0, instance:com.qa.testcases.LoginPageTest@1757cd72]
                     </div>
                     <div>
                        <b>Start time: </b>13:00:14
                     </div>
                     <div>
                        <b>End time: </b>13:00:23
                     </div>
                     <div>
                        <b>Duration: </b>8s
                        
                     </div>
                  </div>
               </td>
            </tr>
            <tr></tr>
            <tr id="com.qa.testcases.LoginPageTest_wrongemailloginTest_byStatus_passed_PASS26_row"
                class="testMethodStatusPASS">
               <td width="100%" class="firstMethodCell">
                  <a onclick="toggleDetailsVisibility('com.qa.testcases.LoginPageTest_wrongemailloginTest_byStatus_passed_PASS26_details')">wrongemailloginTest()</a>
               </td>
               <td nowrap="true">13:00:23</td>
               <td nowrap="true" align="right">2s
                  
               </td>
               <td nowrap="true">
                   
                  
               </td>
            </tr>
            <tr>
               <td colspan="4" class="detailsBox">
                  <div id="com.qa.testcases.LoginPageTest_wrongemailloginTest_byStatus_passed_PASS26_details"
                       class="testMethodDetails">
                     <div>
                        <b>Name: </b>wrongemailloginTest
                     </div>
                     <div>
                        <b>Signature: </b>wrongemailloginTest()[pri:0, instance:com.qa.testcases.LoginPageTest@1757cd72]
                     </div>
                     <div>
                        <b>Start time: </b>13:00:23
                     </div>
                     <div>
                        <b>End time: </b>13:00:25
                     </div>
                     <div>
                        <b>Duration: </b>2s
                        
                     </div>
                  </div>
               </td>
            </tr>
            <tr></tr>
            <tr id="com.qa.testcases.LoginPageTest_teardown_byStatus_passed_PASS27_row"
                class="testMethodStatusPASS testMethodStatusCONF">
               <td width="100%" class="firstMethodCell">
                  <a onclick="toggleDetailsVisibility('com.qa.testcases.LoginPageTest_teardown_byStatus_passed_PASS27_details')">teardown()</a>
               </td>
               <td nowrap="true">13:00:25</td>
               <td nowrap="true" align="right">802 ms
                  
               </td>
               <td nowrap="true">
                   
                  
               </td>
            </tr>
            <tr>
               <td colspan="4" class="detailsBox">
                  <div id="com.qa.testcases.LoginPageTest_teardown_byStatus_passed_PASS27_details"
                       class="testMethodDetails">
                     <div>
                        <b>Name: </b>teardown
                     </div>
                     <div>
                        <b>Signature: </b>teardown()[pri:0, instance:com.qa.testcases.LoginPageTest@1757cd72]
                     </div>
                     <div>
                        <b>Start time: </b>13:00:25
                     </div>
                     <div>
                        <b>End time: </b>13:00:26
                     </div>
                     <div>
                        <b>Duration: </b>802 ms
                        
                     </div>
                  </div>
               </td>
            </tr>
            <tr></tr>
            <tr id="com.qa.testcases.LoginPageTest_setup_byStatus_passed_PASS28_row"
                class="testMethodStatusPASS testMethodStatusCONF">
               <td width="100%" class="firstMethodCell">
                  <a onclick="toggleDetailsVisibility('com.qa.testcases.LoginPageTest_setup_byStatus_passed_PASS28_details')">setup()</a>
               </td>
               <td nowrap="true">13:00:26</td>
               <td nowrap="true" align="right">9s
                  
               </td>
               <td nowrap="true">
                   
                  
               </td>
            </tr>
            <tr>
               <td colspan="4" class="detailsBox">
                  <div id="com.qa.testcases.LoginPageTest_setup_byStatus_passed_PASS28_details"
                       class="testMethodDetails">
                     <div>
                        <b>Name: </b>setup
                     </div>
                     <div>
                        <b>Signature: </b>setup()[pri:0, instance:com.qa.testcases.LoginPageTest@1757cd72]
                     </div>
                     <div>
                        <b>Start time: </b>13:00:26
                     </div>
                     <div>
                        <b>End time: </b>13:00:35
                     </div>
                     <div>
                        <b>Duration: </b>9s
                        
                     </div>
                  </div>
               </td>
            </tr>
            <tr></tr>
            <tr id="com.qa.testcases.LoginPageTest_loginpagetitletest_byStatus_passed_PASS29_row"
                class="testMethodStatusPASS">
               <td width="100%" class="firstMethodCell">
                  <a onclick="toggleDetailsVisibility('com.qa.testcases.LoginPageTest_loginpagetitletest_byStatus_passed_PASS29_details')">loginpagetitletest()</a>
               </td>
               <td nowrap="true">13:00:35</td>
               <td nowrap="true" align="right">8 ms
                  
               </td>
               <td nowrap="true">
                   
                  
               </td>
            </tr>
            <tr>
               <td colspan="4" class="detailsBox">
                  <div id="com.qa.testcases.LoginPageTest_loginpagetitletest_byStatus_passed_PASS29_details"
                       class="testMethodDetails">
                     <div>
                        <b>Name: </b>loginpagetitletest
                     </div>
                     <div>
                        <b>Signature: </b>loginpagetitletest()[pri:1, instance:com.qa.testcases.LoginPageTest@1757cd72]
                     </div>
                     <div>
                        <b>Start time: </b>13:00:35
                     </div>
                     <div>
                        <b>End time: </b>13:00:35
                     </div>
                     <div>
                        <b>Duration: </b>8 ms
                        
                     </div>
                  </div>
               </td>
            </tr>
            <tr></tr>
            <tr id="com.qa.testcases.LoginPageTest_teardown_byStatus_passed_PASS30_row"
                class="testMethodStatusPASS testMethodStatusCONF">
               <td width="100%" class="firstMethodCell">
                  <a onclick="toggleDetailsVisibility('com.qa.testcases.LoginPageTest_teardown_byStatus_passed_PASS30_details')">teardown()</a>
               </td>
               <td nowrap="true">13:00:35</td>
               <td nowrap="true" align="right">772 ms
                  
               </td>
               <td nowrap="true">
                   
                  
               </td>
            </tr>
            <tr>
               <td colspan="4" class="detailsBox">
                  <div id="com.qa.testcases.LoginPageTest_teardown_byStatus_passed_PASS30_details"
                       class="testMethodDetails">
                     <div>
                        <b>Name: </b>teardown
                     </div>
                     <div>
                        <b>Signature: </b>teardown()[pri:0, instance:com.qa.testcases.LoginPageTest@1757cd72]
                     </div>
                     <div>
                        <b>Start time: </b>13:00:35
                     </div>
                     <div>
                        <b>End time: </b>13:00:36
                     </div>
                     <div>
                        <b>Duration: </b>772 ms
                        
                     </div>
                  </div>
               </td>
            </tr>
            <tr></tr>
            <tr id="com.qa.testcases.LoginPageTest_setup_byStatus_passed_PASS31_row"
                class="testMethodStatusPASS testMethodStatusCONF">
               <td width="100%" class="firstMethodCell">
                  <a onclick="toggleDetailsVisibility('com.qa.testcases.LoginPageTest_setup_byStatus_passed_PASS31_details')">setup()</a>
               </td>
               <td nowrap="true">13:00:36</td>
               <td nowrap="true" align="right">9s
                  
               </td>
               <td nowrap="true">
                   
                  
               </td>
            </tr>
            <tr>
               <td colspan="4" class="detailsBox">
                  <div id="com.qa.testcases.LoginPageTest_setup_byStatus_passed_PASS31_details"
                       class="testMethodDetails">
                     <div>
                        <b>Name: </b>setup
                     </div>
                     <div>
                        <b>Signature: </b>setup()[pri:0, instance:com.qa.testcases.LoginPageTest@1757cd72]
                     </div>
                     <div>
                        <b>Start time: </b>13:00:36
                     </div>
                     <div>
                        <b>End time: </b>13:00:45
                     </div>
                     <div>
                        <b>Duration: </b>9s
                        
                     </div>
                  </div>
               </td>
            </tr>
            <tr></tr>
            <tr id="com.qa.testcases.LoginPageTest_loginTest_byStatus_passed_PASS32_row"
                class="testMethodStatusPASS">
               <td width="100%" class="firstMethodCell">
                  <a onclick="toggleDetailsVisibility('com.qa.testcases.LoginPageTest_loginTest_byStatus_passed_PASS32_details')">loginTest()</a>
               </td>
               <td nowrap="true">13:00:45</td>
               <td nowrap="true" align="right">4s
                  
               </td>
               <td nowrap="true">
                   
                  
               </td>
            </tr>
            <tr>
               <td colspan="4" class="detailsBox">
                  <div id="com.qa.testcases.LoginPageTest_loginTest_byStatus_passed_PASS32_details"
                       class="testMethodDetails">
                     <div>
                        <b>Name: </b>loginTest
                     </div>
                     <div>
                        <b>Signature: </b>loginTest()[pri:2, instance:com.qa.testcases.LoginPageTest@1757cd72]
                     </div>
                     <div>
                        <b>Start time: </b>13:00:45
                     </div>
                     <div>
                        <b>End time: </b>13:00:49
                     </div>
                     <div>
                        <b>Duration: </b>4s
                        
                     </div>
                  </div>
               </td>
            </tr>
            <tr></tr>
            <tr id="com.qa.testcases.LoginPageTest_teardown_byStatus_passed_PASS33_row"
                class="testMethodStatusPASS testMethodStatusCONF">
               <td width="100%" class="firstMethodCell">
                  <a onclick="toggleDetailsVisibility('com.qa.testcases.LoginPageTest_teardown_byStatus_passed_PASS33_details')">teardown()</a>
               </td>
               <td nowrap="true">13:00:49</td>
               <td nowrap="true" align="right">858 ms
                  
               </td>
               <td nowrap="true">
                   
                  
               </td>
            </tr>
            <tr>
               <td colspan="4" class="detailsBox">
                  <div id="com.qa.testcases.LoginPageTest_teardown_byStatus_passed_PASS33_details"
                       class="testMethodDetails">
                     <div>
                        <b>Name: </b>teardown
                     </div>
                     <div>
                        <b>Signature: </b>teardown()[pri:0, instance:com.qa.testcases.LoginPageTest@1757cd72]
                     </div>
                     <div>
                        <b>Start time: </b>13:00:49
                     </div>
                     <div>
                        <b>End time: </b>13:00:50
                     </div>
                     <div>
                        <b>Duration: </b>858 ms
                        
                     </div>
                  </div>
               </td>
            </tr>
            <tr></tr>
            <tr id="com.qa.testcases.HomePageTest_footerTest_byStatus_skiped_SKIP1_row"
                class="testMethodStatusSKIP">
               <td width="100%" class="firstMethodCell">
                  <a onclick="toggleDetailsVisibility('com.qa.testcases.HomePageTest_footerTest_byStatus_skiped_SKIP1_details')">footerTest()</a>
               </td>
               <td nowrap="true">12:59:55</td>
               <td nowrap="true" align="right">0 ms
                  
               </td>
               <td nowrap="true">
                  <a onclick="toggleDetailsVisibility('com.qa.testcases.HomePageTest_footerTest_byStatus_skiped_SKIP1_exception')">java.lang.Throwable: 
                     Method HomePageTest.footerTest()[pri:0, instance:com.qa.testcases.HomePageTest@f79e] depends on not successfully finished
                     methods
                     
                  </a>
                   
                  
               </td>
            </tr>
            <tr>
               <td colspan="4" class="detailsBox">
                  <div id="com.qa.testcases.HomePageTest_footerTest_byStatus_skiped_SKIP1_details"
                       class="testMethodDetails">
                     <div>
                        <b>Name: </b>footerTest
                     </div>
                     <div>
                        <b>Signature: </b>footerTest()[pri:0, instance:com.qa.testcases.HomePageTest@f79e]
                     </div>
                     <div>
                        <b>Start time: </b>12:59:55
                     </div>
                     <div>
                        <b>End time: </b>12:59:55
                     </div>
                     <div>
                        <b>Duration: </b>0 ms
                        
                     </div>
                     <div>
                        <b>Depends on methods:
                           
                        </b>
                        <div>
                               -
                           com.qa.testcases.HomePageTest.HeaderTest
                        </div>
                     </div>
                  </div>
               </td>
            </tr>
            <tr>
               <td colspan="4" class="detailsBox">
                  <div id="com.qa.testcases.HomePageTest_footerTest_byStatus_skiped_SKIP1_exception"
                       class="testMethodDetails">
                     <pre style="padding: 5px; margin: 0;">java.lang.Throwable: Method HomePageTest.footerTest()[pri:0, instance:com.qa.testcases.HomePageTest@f79e] depends on not successfully
                        finished methods
                        at org.testng.internal.Invoker.invokeTestMethods(Invoker.java:887)
                        at org.testng.internal.TestMethodWorker.invokeTestMethods(TestMethodWorker.java:125)
                        at org.testng.internal.TestMethodWorker.run(TestMethodWorker.java:109)
                        at org.testng.TestRunner.privateRun(TestRunner.java:648)
                        at org.testng.TestRunner.run(TestRunner.java:505)
                        at org.testng.SuiteRunner.runTest(SuiteRunner.java:455)
                        at org.testng.SuiteRunner.runSequentially(SuiteRunner.java:450)
                        at org.testng.SuiteRunner.privateRun(SuiteRunner.java:415)
                        at org.testng.SuiteRunner.run(SuiteRunner.java:364)
                        at org.testng.SuiteRunnerWorker.runSuite(SuiteRunnerWorker.java:52)
                        at org.testng.SuiteRunnerWorker.run(SuiteRunnerWorker.java:84)
                        at org.testng.TestNG.runSuitesSequentially(TestNG.java:1208)
                        at org.testng.TestNG.runSuitesLocally(TestNG.java:1137)
                        at org.testng.TestNG.runSuites(TestNG.java:1049)
                        at org.testng.TestNG.run(TestNG.java:1017)
                        at org.testng.TestNG.privateMain(TestNG.java:1354)
                        at org.testng.TestNG.main(TestNG.java:1323)
                     </pre>
                  </div>
               </td>
            </tr>
            <tr id="com.qa.testcases.HomePageTest_accountnameTest_byStatus_skiped_SKIP2_row"
                class="testMethodStatusSKIP">
               <td width="100%" class="firstMethodCell">
                  <a onclick="toggleDetailsVisibility('com.qa.testcases.HomePageTest_accountnameTest_byStatus_skiped_SKIP2_details')">accountnameTest()</a>
               </td>
               <td nowrap="true">12:59:55</td>
               <td nowrap="true" align="right">0 ms
                  
               </td>
               <td nowrap="true">
                  <a onclick="toggleDetailsVisibility('com.qa.testcases.HomePageTest_accountnameTest_byStatus_skiped_SKIP2_exception')">org.openqa.selenium.TimeoutException: 
                     timeout: Timed out receiving message from renderer: 29.273
                     (Session info: MicrosoftEdge=120.0.2210.133)
                     Build info: version: '4.14.1', revision: '03f8ede370'
                     System info: os.name: 'Windows 10', os.arch: 'amd64', os.version: '10.0', java.version: '14.0.2'
                     Driver info: org.openqa.selenium.edge.EdgeDriver
                     Command: [a8ded4ffa5905217f35c7a7427a537d8, get {url=https://www.amazon.in}]
                     Capabilities {acceptInsecureCerts: false, browserName: MicrosoftEdge, browserVersion: 120.0.2210.133, fedcm:accounts: true,
                     ms:edgeOptions: {debuggerAddress: localhost:50113}, msedge: {msedgedriverVersion: 120.0.2210.133 (5a3825c4628..., userDataDir:
                     C:\Users\jaybr\AppData\Loca...}, networkConnectionEnabled: false, pageLoadStrategy: normal, platformName: windows, proxy:
                     Proxy(), se:cdp: ws://localhost:50113/devtoo..., se:cdpVersion: 120.0.2210.133, setWindowRect: true, strictFileInteractability:
                     false, timeouts: {implicit: 0, pageLoad: 300000, script: 30000}, unhandledPromptBehavior: dismiss and notify, webauthn:extension:credBlob:
                     true, webauthn:extension:largeBlob: true, webauthn:extension:minPinLength: true, webauthn:extension:prf: true, webauthn:virtualAuthenticators:
                     true}
                     Session ID: a8ded4ffa5905217f35c7a7427a537d8
                     
                  </a>
                   
                  
               </td>
            </tr>
            <tr>
               <td colspan="4" class="detailsBox">
                  <div id="com.qa.testcases.HomePageTest_accountnameTest_byStatus_skiped_SKIP2_details"
                       class="testMethodDetails">
                     <div>
                        <b>Name: </b>accountnameTest
                     </div>
                     <div>
                        <b>Signature: </b>accountnameTest()[pri:0, instance:com.qa.testcases.HomePageTest@f79e]
                     </div>
                     <div>
                        <b>Start time: </b>12:59:55
                     </div>
                     <div>
                        <b>End time: </b>12:59:55
                     </div>
                     <div>
                        <b>Duration: </b>0 ms
                        
                     </div>
                     <div>
                        <b>Depends on methods:
                           
                        </b>
                        <div>
                               -
                           com.qa.testcases.HomePageTest.languageboxTest
                        </div>
                     </div>
                  </div>
               </td>
            </tr>
            <tr>
               <td colspan="4" class="detailsBox">
                  <div id="com.qa.testcases.HomePageTest_accountnameTest_byStatus_skiped_SKIP2_exception"
                       class="testMethodDetails">
                     <pre style="padding: 5px; margin: 0;">org.openqa.selenium.TimeoutException: timeout: Timed out receiving message from renderer: 29.273
                        (Session info: MicrosoftEdge=120.0.2210.133)
                        Build info: version: '4.14.1', revision: '03f8ede370'
                        System info: os.name: 'Windows 10', os.arch: 'amd64', os.version: '10.0', java.version: '14.0.2'
                        Driver info: org.openqa.selenium.edge.EdgeDriver
                        Command: [a8ded4ffa5905217f35c7a7427a537d8, get {url=https://www.amazon.in}]
                        Capabilities {acceptInsecureCerts: false, browserName: MicrosoftEdge, browserVersion: 120.0.2210.133, fedcm:accounts: true,
                        ms:edgeOptions: {debuggerAddress: localhost:50113}, msedge: {msedgedriverVersion: 120.0.2210.133 (5a3825c4628..., userDataDir:
                        C:\Users\jaybr\AppData\Loca...}, networkConnectionEnabled: false, pageLoadStrategy: normal, platformName: windows, proxy:
                        Proxy(), se:cdp: ws://localhost:50113/devtoo..., se:cdpVersion: 120.0.2210.133, setWindowRect: true, strictFileInteractability:
                        false, timeouts: {implicit: 0, pageLoad: 300000, script: 30000}, unhandledPromptBehavior: dismiss and notify, webauthn:extension:credBlob:
                        true, webauthn:extension:largeBlob: true, webauthn:extension:minPinLength: true, webauthn:extension:prf: true, webauthn:virtualAuthenticators:
                        true}
                        Session ID: a8ded4ffa5905217f35c7a7427a537d8
                        at java.base/jdk.internal.reflect.NativeConstructorAccessorImpl.newInstance0(Native Method)
                        at java.base/jdk.internal.reflect.NativeConstructorAccessorImpl.newInstance(NativeConstructorAccessorImpl.java:62)
                        at java.base/jdk.internal.reflect.DelegatingConstructorAccessorImpl.newInstance(DelegatingConstructorAccessorImpl.java:45)
                        at java.base/java.lang.reflect.Constructor.newInstanceWithCaller(Constructor.java:500)
                        at java.base/java.lang.reflect.Constructor.newInstance(Constructor.java:481)
                        at org.openqa.selenium.remote.codec.w3c.W3CHttpResponseCodec.createException(W3CHttpResponseCodec.java:200)
                        at org.openqa.selenium.remote.codec.w3c.W3CHttpResponseCodec.decode(W3CHttpResponseCodec.java:133)
                        at org.openqa.selenium.remote.codec.w3c.W3CHttpResponseCodec.decode(W3CHttpResponseCodec.java:52)
                        at org.openqa.selenium.remote.HttpCommandExecutor.execute(HttpCommandExecutor.java:191)
                        at org.openqa.selenium.remote.service.DriverCommandExecutor.invokeExecute(DriverCommandExecutor.java:200)
                        at org.openqa.selenium.remote.service.DriverCommandExecutor.execute(DriverCommandExecutor.java:175)
                        at org.openqa.selenium.remote.RemoteWebDriver.execute(RemoteWebDriver.java:602)
                        at org.openqa.selenium.remote.RemoteWebDriver.get(RemoteWebDriver.java:304)
                        at com.qa.base.TestBase.intialization(TestBase.java:53)
                        at com.qa.testcases.HomePageTest.setup(HomePageTest.java:24)
                        at java.base/jdk.internal.reflect.NativeMethodAccessorImpl.invoke0(Native Method)
                        at java.base/jdk.internal.reflect.NativeMethodAccessorImpl.invoke(NativeMethodAccessorImpl.java:62)
                        at java.base/jdk.internal.reflect.DelegatingMethodAccessorImpl.invoke(DelegatingMethodAccessorImpl.java:43)
                        at java.base/java.lang.reflect.Method.invoke(Method.java:564)
                        at org.testng.internal.MethodInvocationHelper.invokeMethod(MethodInvocationHelper.java:124)
                        at org.testng.internal.MethodInvocationHelper.invokeMethodConsideringTimeout(MethodInvocationHelper.java:59)
                        at org.testng.internal.Invoker.invokeConfigurationMethod(Invoker.java:455)
                        at org.testng.internal.Invoker.invokeConfigurations(Invoker.java:222)
                        at org.testng.internal.Invoker.invokeMethod(Invoker.java:520)
                        at org.testng.internal.Invoker.invokeTestMethod(Invoker.java:716)
                        at org.testng.internal.Invoker.invokeTestMethods(Invoker.java:988)
                        at org.testng.internal.TestMethodWorker.invokeTestMethods(TestMethodWorker.java:125)
                        at org.testng.internal.TestMethodWorker.run(TestMethodWorker.java:109)
                        at org.testng.TestRunner.privateRun(TestRunner.java:648)
                        at org.testng.TestRunner.run(TestRunner.java:505)
                        at org.testng.SuiteRunner.runTest(SuiteRunner.java:455)
                        at org.testng.SuiteRunner.runSequentially(SuiteRunner.java:450)
                        at org.testng.SuiteRunner.privateRun(SuiteRunner.java:415)
                        at org.testng.SuiteRunner.run(SuiteRunner.java:364)
                        at org.testng.SuiteRunnerWorker.runSuite(SuiteRunnerWorker.java:52)
                        at org.testng.SuiteRunnerWorker.run(SuiteRunnerWorker.java:84)
                        at org.testng.TestNG.runSuitesSequentially(TestNG.java:1208)
                        at org.testng.TestNG.runSuitesLocally(TestNG.java:1137)
                        at org.testng.TestNG.runSuites(TestNG.java:1049)
                        at org.testng.TestNG.run(TestNG.java:1017)
                        at org.testng.TestNG.privateMain(TestNG.java:1354)
                        at org.testng.TestNG.main(TestNG.java:1323)
                     </pre>
                  </div>
               </td>
            </tr>
            <tr id="com.qa.testcases.HomePageTest_teardown_byStatus_skiped_SKIP3_row"
                class="testMethodStatusSKIP testMethodStatusCONF">
               <td width="100%" class="firstMethodCell">
                  <a onclick="toggleDetailsVisibility('com.qa.testcases.HomePageTest_teardown_byStatus_skiped_SKIP3_details')">teardown()</a>
               </td>
               <td nowrap="true">12:59:55</td>
               <td nowrap="true" align="right">0 ms
                  
               </td>
               <td nowrap="true">
                   
                  
               </td>
            </tr>
            <tr>
               <td colspan="4" class="detailsBox">
                  <div id="com.qa.testcases.HomePageTest_teardown_byStatus_skiped_SKIP3_details"
                       class="testMethodDetails">
                     <div>
                        <b>Name: </b>teardown
                     </div>
                     <div>
                        <b>Signature: </b>teardown()[pri:0, instance:com.qa.testcases.HomePageTest@f79e]
                     </div>
                     <div>
                        <b>Start time: </b>12:59:55
                     </div>
                     <div>
                        <b>End time: </b>12:59:55
                     </div>
                     <div>
                        <b>Duration: </b>0 ms
                        
                     </div>
                  </div>
               </td>
            </tr>
            <tr></tr>
            <tr id="com.qa.testcases.HomePageTest_HeaderTest_byStatus_skiped_SKIP4_row"
                class="testMethodStatusSKIP">
               <td width="100%" class="firstMethodCell">
                  <a onclick="toggleDetailsVisibility('com.qa.testcases.HomePageTest_HeaderTest_byStatus_skiped_SKIP4_details')">HeaderTest()</a>
               </td>
               <td nowrap="true">12:59:55</td>
               <td nowrap="true" align="right">0 ms
                  
               </td>
               <td nowrap="true">
                  <a onclick="toggleDetailsVisibility('com.qa.testcases.HomePageTest_HeaderTest_byStatus_skiped_SKIP4_exception')">java.lang.Throwable: 
                     Method HomePageTest.HeaderTest()[pri:0, instance:com.qa.testcases.HomePageTest@f79e] depends on not successfully finished
                     methods
                     
                  </a>
                   
                  
               </td>
            </tr>
            <tr>
               <td colspan="4" class="detailsBox">
                  <div id="com.qa.testcases.HomePageTest_HeaderTest_byStatus_skiped_SKIP4_details"
                       class="testMethodDetails">
                     <div>
                        <b>Name: </b>HeaderTest
                     </div>
                     <div>
                        <b>Signature: </b>HeaderTest()[pri:0, instance:com.qa.testcases.HomePageTest@f79e]
                     </div>
                     <div>
                        <b>Start time: </b>12:59:55
                     </div>
                     <div>
                        <b>End time: </b>12:59:55
                     </div>
                     <div>
                        <b>Duration: </b>0 ms
                        
                     </div>
                     <div>
                        <b>Depends on methods:
                           
                        </b>
                        <div>
                               -
                           com.qa.testcases.HomePageTest.accountnameTest
                        </div>
                     </div>
                  </div>
               </td>
            </tr>
            <tr>
               <td colspan="4" class="detailsBox">
                  <div id="com.qa.testcases.HomePageTest_HeaderTest_byStatus_skiped_SKIP4_exception"
                       class="testMethodDetails">
                     <pre style="padding: 5px; margin: 0;">java.lang.Throwable: Method HomePageTest.HeaderTest()[pri:0, instance:com.qa.testcases.HomePageTest@f79e] depends on not successfully
                        finished methods
                        at org.testng.internal.Invoker.invokeTestMethods(Invoker.java:887)
                        at org.testng.internal.TestMethodWorker.invokeTestMethods(TestMethodWorker.java:125)
                        at org.testng.internal.TestMethodWorker.run(TestMethodWorker.java:109)
                        at org.testng.TestRunner.privateRun(TestRunner.java:648)
                        at org.testng.TestRunner.run(TestRunner.java:505)
                        at org.testng.SuiteRunner.runTest(SuiteRunner.java:455)
                        at org.testng.SuiteRunner.runSequentially(SuiteRunner.java:450)
                        at org.testng.SuiteRunner.privateRun(SuiteRunner.java:415)
                        at org.testng.SuiteRunner.run(SuiteRunner.java:364)
                        at org.testng.SuiteRunnerWorker.runSuite(SuiteRunnerWorker.java:52)
                        at org.testng.SuiteRunnerWorker.run(SuiteRunnerWorker.java:84)
                        at org.testng.TestNG.runSuitesSequentially(TestNG.java:1208)
                        at org.testng.TestNG.runSuitesLocally(TestNG.java:1137)
                        at org.testng.TestNG.runSuites(TestNG.java:1049)
                        at org.testng.TestNG.run(TestNG.java:1017)
                        at org.testng.TestNG.privateMain(TestNG.java:1354)
                        at org.testng.TestNG.main(TestNG.java:1323)
                     </pre>
                  </div>
               </td>
            </tr>
         </table>
      </div>
      <div id="testMethodsByClass" style="display: none;">
         <table class="testMethodsTable" cellpadding="0" cellspacing="0">
            <tr>
               <td colspan="4">
                  <h3 style="display: inline;">com.qa.testcases.HomePageTest</h3>
               </td>
            </tr>
            <tr class="methodsTableHeader">
               <td width="100%">Name</td>
               <td nowrap="true">Started</td>
               <td nowrap="true">Duration</td>
               <td>Exception</td>
            </tr>
            <tr id="com.qa.testcases.HomePageTest_setup_byClass_PASS1_row"
                class="testMethodStatusPASS testMethodStatusCONF">
               <td width="100%" class="firstMethodCell">
                  <a onclick="toggleDetailsVisibility('com.qa.testcases.HomePageTest_setup_byClass_PASS1_details')">setup()</a>
               </td>
               <td nowrap="true">12:56:26</td>
               <td nowrap="true" align="right">18s
                  
               </td>
               <td nowrap="true">
                   
                  
               </td>
            </tr>
            <tr>
               <td colspan="4" class="detailsBox">
                  <div id="com.qa.testcases.HomePageTest_setup_byClass_PASS1_details"
                       class="testMethodDetails">
                     <div>
                        <b>Name: </b>setup
                     </div>
                     <div>
                        <b>Signature: </b>setup()[pri:0, instance:com.qa.testcases.HomePageTest@f79e]
                     </div>
                     <div>
                        <b>Start time: </b>12:56:26
                     </div>
                     <div>
                        <b>End time: </b>12:56:45
                     </div>
                     <div>
                        <b>Duration: </b>18s
                        
                     </div>
                  </div>
               </td>
            </tr>
            <tr></tr>
            <tr id="com.qa.testcases.HomePageTest_HomePagetitletest_byClass_PASS2_row"
                class="testMethodStatusPASS">
               <td width="100%" class="firstMethodCell">
                  <a onclick="toggleDetailsVisibility('com.qa.testcases.HomePageTest_HomePagetitletest_byClass_PASS2_details')">HomePagetitletest()</a>
               </td>
               <td nowrap="true">12:56:45</td>
               <td nowrap="true" align="right">4s
                  
               </td>
               <td nowrap="true">
                   
                  
               </td>
            </tr>
            <tr>
               <td colspan="4" class="detailsBox">
                  <div id="com.qa.testcases.HomePageTest_HomePagetitletest_byClass_PASS2_details"
                       class="testMethodDetails">
                     <div>
                        <b>Name: </b>HomePagetitletest
                     </div>
                     <div>
                        <b>Signature: </b>HomePagetitletest()[pri:0, instance:com.qa.testcases.HomePageTest@f79e]
                     </div>
                     <div>
                        <b>Start time: </b>12:56:45
                     </div>
                     <div>
                        <b>End time: </b>12:56:49
                     </div>
                     <div>
                        <b>Duration: </b>4s
                        
                     </div>
                  </div>
               </td>
            </tr>
            <tr></tr>
            <tr id="com.qa.testcases.HomePageTest_teardown_byClass_PASS3_row"
                class="testMethodStatusPASS testMethodStatusCONF">
               <td width="100%" class="firstMethodCell">
                  <a onclick="toggleDetailsVisibility('com.qa.testcases.HomePageTest_teardown_byClass_PASS3_details')">teardown()</a>
               </td>
               <td nowrap="true">12:56:49</td>
               <td nowrap="true" align="right">878 ms
                  
               </td>
               <td nowrap="true">
                   
                  
               </td>
            </tr>
            <tr>
               <td colspan="4" class="detailsBox">
                  <div id="com.qa.testcases.HomePageTest_teardown_byClass_PASS3_details"
                       class="testMethodDetails">
                     <div>
                        <b>Name: </b>teardown
                     </div>
                     <div>
                        <b>Signature: </b>teardown()[pri:0, instance:com.qa.testcases.HomePageTest@f79e]
                     </div>
                     <div>
                        <b>Start time: </b>12:56:49
                     </div>
                     <div>
                        <b>End time: </b>12:56:50
                     </div>
                     <div>
                        <b>Duration: </b>878 ms
                        
                     </div>
                  </div>
               </td>
            </tr>
            <tr></tr>
            <tr id="com.qa.testcases.HomePageTest_setup_byClass_PASS4_row"
                class="testMethodStatusPASS testMethodStatusCONF">
               <td width="100%" class="firstMethodCell">
                  <a onclick="toggleDetailsVisibility('com.qa.testcases.HomePageTest_setup_byClass_PASS4_details')">setup()</a>
               </td>
               <td nowrap="true">12:56:50</td>
               <td nowrap="true" align="right">15s
                  
               </td>
               <td nowrap="true">
                   
                  
               </td>
            </tr>
            <tr>
               <td colspan="4" class="detailsBox">
                  <div id="com.qa.testcases.HomePageTest_setup_byClass_PASS4_details"
                       class="testMethodDetails">
                     <div>
                        <b>Name: </b>setup
                     </div>
                     <div>
                        <b>Signature: </b>setup()[pri:0, instance:com.qa.testcases.HomePageTest@f79e]
                     </div>
                     <div>
                        <b>Start time: </b>12:56:50
                     </div>
                     <div>
                        <b>End time: </b>12:57:06
                     </div>
                     <div>
                        <b>Duration: </b>15s
                        
                     </div>
                  </div>
               </td>
            </tr>
            <tr></tr>
            <tr id="com.qa.testcases.HomePageTest_verifyamazonimgTest_byClass_PASS5_row"
                class="testMethodStatusPASS">
               <td width="100%" class="firstMethodCell">
                  <a onclick="toggleDetailsVisibility('com.qa.testcases.HomePageTest_verifyamazonimgTest_byClass_PASS5_details')">verifyamazonimgTest()</a>
               </td>
               <td nowrap="true">12:57:06</td>
               <td nowrap="true" align="right">6s
                  
               </td>
               <td nowrap="true">
                   
                  
               </td>
            </tr>
            <tr>
               <td colspan="4" class="detailsBox">
                  <div id="com.qa.testcases.HomePageTest_verifyamazonimgTest_byClass_PASS5_details"
                       class="testMethodDetails">
                     <div>
                        <b>Name: </b>verifyamazonimgTest
                     </div>
                     <div>
                        <b>Signature: </b>verifyamazonimgTest()[pri:0, instance:com.qa.testcases.HomePageTest@f79e]
                     </div>
                     <div>
                        <b>Start time: </b>12:57:06
                     </div>
                     <div>
                        <b>End time: </b>12:57:12
                     </div>
                     <div>
                        <b>Duration: </b>6s
                        
                     </div>
                     <div>
                        <b>Depends on methods:
                           
                        </b>
                        <div>
                               -
                           com.qa.testcases.HomePageTest.HomePagetitletest
                        </div>
                     </div>
                  </div>
               </td>
            </tr>
            <tr></tr>
            <tr id="com.qa.testcases.HomePageTest_teardown_byClass_PASS6_row"
                class="testMethodStatusPASS testMethodStatusCONF">
               <td width="100%" class="firstMethodCell">
                  <a onclick="toggleDetailsVisibility('com.qa.testcases.HomePageTest_teardown_byClass_PASS6_details')">teardown()</a>
               </td>
               <td nowrap="true">12:57:12</td>
               <td nowrap="true" align="right">880 ms
                  
               </td>
               <td nowrap="true">
                   
                  
               </td>
            </tr>
            <tr>
               <td colspan="4" class="detailsBox">
                  <div id="com.qa.testcases.HomePageTest_teardown_byClass_PASS6_details"
                       class="testMethodDetails">
                     <div>
                        <b>Name: </b>teardown
                     </div>
                     <div>
                        <b>Signature: </b>teardown()[pri:0, instance:com.qa.testcases.HomePageTest@f79e]
                     </div>
                     <div>
                        <b>Start time: </b>12:57:12
                     </div>
                     <div>
                        <b>End time: </b>12:57:13
                     </div>
                     <div>
                        <b>Duration: </b>880 ms
                        
                     </div>
                  </div>
               </td>
            </tr>
            <tr></tr>
            <tr id="com.qa.testcases.HomePageTest_setup_byClass_PASS7_row"
                class="testMethodStatusPASS testMethodStatusCONF">
               <td width="100%" class="firstMethodCell">
                  <a onclick="toggleDetailsVisibility('com.qa.testcases.HomePageTest_setup_byClass_PASS7_details')">setup()</a>
               </td>
               <td nowrap="true">12:57:13</td>
               <td nowrap="true" align="right">17s
                  
               </td>
               <td nowrap="true">
                   
                  
               </td>
            </tr>
            <tr>
               <td colspan="4" class="detailsBox">
                  <div id="com.qa.testcases.HomePageTest_setup_byClass_PASS7_details"
                       class="testMethodDetails">
                     <div>
                        <b>Name: </b>setup
                     </div>
                     <div>
                        <b>Signature: </b>setup()[pri:0, instance:com.qa.testcases.HomePageTest@f79e]
                     </div>
                     <div>
                        <b>Start time: </b>12:57:13
                     </div>
                     <div>
                        <b>End time: </b>12:57:31
                     </div>
                     <div>
                        <b>Duration: </b>17s
                        
                     </div>
                  </div>
               </td>
            </tr>
            <tr></tr>
            <tr id="com.qa.testcases.HomePageTest_verifydelivarytabTest_byClass_PASS8_row"
                class="testMethodStatusPASS">
               <td width="100%" class="firstMethodCell">
                  <a onclick="toggleDetailsVisibility('com.qa.testcases.HomePageTest_verifydelivarytabTest_byClass_PASS8_details')">verifydelivarytabTest()</a>
               </td>
               <td nowrap="true">12:57:31</td>
               <td nowrap="true" align="right">3s
                  
               </td>
               <td nowrap="true">
                   
                  
               </td>
            </tr>
            <tr>
               <td colspan="4" class="detailsBox">
                  <div id="com.qa.testcases.HomePageTest_verifydelivarytabTest_byClass_PASS8_details"
                       class="testMethodDetails">
                     <div>
                        <b>Name: </b>verifydelivarytabTest
                     </div>
                     <div>
                        <b>Signature: </b>verifydelivarytabTest()[pri:0, instance:com.qa.testcases.HomePageTest@f79e]
                     </div>
                     <div>
                        <b>Start time: </b>12:57:31
                     </div>
                     <div>
                        <b>End time: </b>12:57:34
                     </div>
                     <div>
                        <b>Duration: </b>3s
                        
                     </div>
                     <div>
                        <b>Depends on methods:
                           
                        </b>
                        <div>
                               -
                           com.qa.testcases.HomePageTest.verifyamazonimgTest
                        </div>
                     </div>
                  </div>
               </td>
            </tr>
            <tr></tr>
            <tr id="com.qa.testcases.HomePageTest_teardown_byClass_PASS9_row"
                class="testMethodStatusPASS testMethodStatusCONF">
               <td width="100%" class="firstMethodCell">
                  <a onclick="toggleDetailsVisibility('com.qa.testcases.HomePageTest_teardown_byClass_PASS9_details')">teardown()</a>
               </td>
               <td nowrap="true">12:57:34</td>
               <td nowrap="true" align="right">895 ms
                  
               </td>
               <td nowrap="true">
                   
                  
               </td>
            </tr>
            <tr>
               <td colspan="4" class="detailsBox">
                  <div id="com.qa.testcases.HomePageTest_teardown_byClass_PASS9_details"
                       class="testMethodDetails">
                     <div>
                        <b>Name: </b>teardown
                     </div>
                     <div>
                        <b>Signature: </b>teardown()[pri:0, instance:com.qa.testcases.HomePageTest@f79e]
                     </div>
                     <div>
                        <b>Start time: </b>12:57:34
                     </div>
                     <div>
                        <b>End time: </b>12:57:35
                     </div>
                     <div>
                        <b>Duration: </b>895 ms
                        
                     </div>
                  </div>
               </td>
            </tr>
            <tr></tr>
            <tr id="com.qa.testcases.HomePageTest_setup_byClass_PASS10_row"
                class="testMethodStatusPASS testMethodStatusCONF">
               <td width="100%" class="firstMethodCell">
                  <a onclick="toggleDetailsVisibility('com.qa.testcases.HomePageTest_setup_byClass_PASS10_details')">setup()</a>
               </td>
               <td nowrap="true">12:57:35</td>
               <td nowrap="true" align="right">31s
                  
               </td>
               <td nowrap="true">
                   
                  
               </td>
            </tr>
            <tr>
               <td colspan="4" class="detailsBox">
                  <div id="com.qa.testcases.HomePageTest_setup_byClass_PASS10_details"
                       class="testMethodDetails">
                     <div>
                        <b>Name: </b>setup
                     </div>
                     <div>
                        <b>Signature: </b>setup()[pri:0, instance:com.qa.testcases.HomePageTest@f79e]
                     </div>
                     <div>
                        <b>Start time: </b>12:57:35
                     </div>
                     <div>
                        <b>End time: </b>12:58:07
                     </div>
                     <div>
                        <b>Duration: </b>31s
                        
                     </div>
                  </div>
               </td>
            </tr>
            <tr></tr>
            <tr id="com.qa.testcases.HomePageTest_verifydropdownTest_byClass_PASS11_row"
                class="testMethodStatusPASS">
               <td width="100%" class="firstMethodCell">
                  <a onclick="toggleDetailsVisibility('com.qa.testcases.HomePageTest_verifydropdownTest_byClass_PASS11_details')">verifydropdownTest()</a>
               </td>
               <td nowrap="true">12:58:07</td>
               <td nowrap="true" align="right">6s
                  
               </td>
               <td nowrap="true">
                   
                  
               </td>
            </tr>
            <tr>
               <td colspan="4" class="detailsBox">
                  <div id="com.qa.testcases.HomePageTest_verifydropdownTest_byClass_PASS11_details"
                       class="testMethodDetails">
                     <div>
                        <b>Name: </b>verifydropdownTest
                     </div>
                     <div>
                        <b>Signature: </b>verifydropdownTest()[pri:0, instance:com.qa.testcases.HomePageTest@f79e]
                     </div>
                     <div>
                        <b>Start time: </b>12:58:07
                     </div>
                     <div>
                        <b>End time: </b>12:58:14
                     </div>
                     <div>
                        <b>Duration: </b>6s
                        
                     </div>
                     <div>
                        <b>Depends on methods:
                           
                        </b>
                        <div>
                               -
                           com.qa.testcases.HomePageTest.verifydelivarytabTest
                        </div>
                     </div>
                  </div>
               </td>
            </tr>
            <tr></tr>
            <tr id="com.qa.testcases.HomePageTest_teardown_byClass_PASS12_row"
                class="testMethodStatusPASS testMethodStatusCONF">
               <td width="100%" class="firstMethodCell">
                  <a onclick="toggleDetailsVisibility('com.qa.testcases.HomePageTest_teardown_byClass_PASS12_details')">teardown()</a>
               </td>
               <td nowrap="true">12:58:14</td>
               <td nowrap="true" align="right">894 ms
                  
               </td>
               <td nowrap="true">
                   
                  
               </td>
            </tr>
            <tr>
               <td colspan="4" class="detailsBox">
                  <div id="com.qa.testcases.HomePageTest_teardown_byClass_PASS12_details"
                       class="testMethodDetails">
                     <div>
                        <b>Name: </b>teardown
                     </div>
                     <div>
                        <b>Signature: </b>teardown()[pri:0, instance:com.qa.testcases.HomePageTest@f79e]
                     </div>
                     <div>
                        <b>Start time: </b>12:58:14
                     </div>
                     <div>
                        <b>End time: </b>12:58:15
                     </div>
                     <div>
                        <b>Duration: </b>894 ms
                        
                     </div>
                  </div>
               </td>
            </tr>
            <tr></tr>
            <tr id="com.qa.testcases.HomePageTest_setup_byClass_PASS13_row"
                class="testMethodStatusPASS testMethodStatusCONF">
               <td width="100%" class="firstMethodCell">
                  <a onclick="toggleDetailsVisibility('com.qa.testcases.HomePageTest_setup_byClass_PASS13_details')">setup()</a>
               </td>
               <td nowrap="true">12:58:15</td>
               <td nowrap="true" align="right">15s
                  
               </td>
               <td nowrap="true">
                   
                  
               </td>
            </tr>
            <tr>
               <td colspan="4" class="detailsBox">
                  <div id="com.qa.testcases.HomePageTest_setup_byClass_PASS13_details"
                       class="testMethodDetails">
                     <div>
                        <b>Name: </b>setup
                     </div>
                     <div>
                        <b>Signature: </b>setup()[pri:0, instance:com.qa.testcases.HomePageTest@f79e]
                     </div>
                     <div>
                        <b>Start time: </b>12:58:15
                     </div>
                     <div>
                        <b>End time: </b>12:58:31
                     </div>
                     <div>
                        <b>Duration: </b>15s
                        
                     </div>
                  </div>
               </td>
            </tr>
            <tr></tr>
            <tr id="com.qa.testcases.HomePageTest_serchbarTest_byClass_PASS14_row"
                class="testMethodStatusPASS">
               <td width="100%" class="firstMethodCell">
                  <a onclick="toggleDetailsVisibility('com.qa.testcases.HomePageTest_serchbarTest_byClass_PASS14_details')">serchbarTest()</a>
               </td>
               <td nowrap="true">12:58:31</td>
               <td nowrap="true" align="right">4s
                  
               </td>
               <td nowrap="true">
                   
                  
               </td>
            </tr>
            <tr>
               <td colspan="4" class="detailsBox">
                  <div id="com.qa.testcases.HomePageTest_serchbarTest_byClass_PASS14_details"
                       class="testMethodDetails">
                     <div>
                        <b>Name: </b>serchbarTest
                     </div>
                     <div>
                        <b>Signature: </b>serchbarTest()[pri:0, instance:com.qa.testcases.HomePageTest@f79e]
                     </div>
                     <div>
                        <b>Start time: </b>12:58:31
                     </div>
                     <div>
                        <b>End time: </b>12:58:35
                     </div>
                     <div>
                        <b>Duration: </b>4s
                        
                     </div>
                     <div>
                        <b>Depends on methods:
                           
                        </b>
                        <div>
                               -
                           com.qa.testcases.HomePageTest.verifydropdownTest
                        </div>
                     </div>
                  </div>
               </td>
            </tr>
            <tr></tr>
            <tr id="com.qa.testcases.HomePageTest_teardown_byClass_PASS15_row"
                class="testMethodStatusPASS testMethodStatusCONF">
               <td width="100%" class="firstMethodCell">
                  <a onclick="toggleDetailsVisibility('com.qa.testcases.HomePageTest_teardown_byClass_PASS15_details')">teardown()</a>
               </td>
               <td nowrap="true">12:58:35</td>
               <td nowrap="true" align="right">829 ms
                  
               </td>
               <td nowrap="true">
                   
                  
               </td>
            </tr>
            <tr>
               <td colspan="4" class="detailsBox">
                  <div id="com.qa.testcases.HomePageTest_teardown_byClass_PASS15_details"
                       class="testMethodDetails">
                     <div>
                        <b>Name: </b>teardown
                     </div>
                     <div>
                        <b>Signature: </b>teardown()[pri:0, instance:com.qa.testcases.HomePageTest@f79e]
                     </div>
                     <div>
                        <b>Start time: </b>12:58:35
                     </div>
                     <div>
                        <b>End time: </b>12:58:36
                     </div>
                     <div>
                        <b>Duration: </b>829 ms
                        
                     </div>
                  </div>
               </td>
            </tr>
            <tr></tr>
            <tr id="com.qa.testcases.HomePageTest_setup_byClass_PASS16_row"
                class="testMethodStatusPASS testMethodStatusCONF">
               <td width="100%" class="firstMethodCell">
                  <a onclick="toggleDetailsVisibility('com.qa.testcases.HomePageTest_setup_byClass_PASS16_details')">setup()</a>
               </td>
               <td nowrap="true">12:58:36</td>
               <td nowrap="true" align="right">40s
                  
               </td>
               <td nowrap="true">
                   
                  
               </td>
            </tr>
            <tr>
               <td colspan="4" class="detailsBox">
                  <div id="com.qa.testcases.HomePageTest_setup_byClass_PASS16_details"
                       class="testMethodDetails">
                     <div>
                        <b>Name: </b>setup
                     </div>
                     <div>
                        <b>Signature: </b>setup()[pri:0, instance:com.qa.testcases.HomePageTest@f79e]
                     </div>
                     <div>
                        <b>Start time: </b>12:58:36
                     </div>
                     <div>
                        <b>End time: </b>12:59:17
                     </div>
                     <div>
                        <b>Duration: </b>40s
                        
                     </div>
                  </div>
               </td>
            </tr>
            <tr></tr>
            <tr id="com.qa.testcases.HomePageTest_languageboxTest_byClass_PASS17_row"
                class="testMethodStatusPASS">
               <td width="100%" class="firstMethodCell">
                  <a onclick="toggleDetailsVisibility('com.qa.testcases.HomePageTest_languageboxTest_byClass_PASS17_details')">languageboxTest()</a>
               </td>
               <td nowrap="true">12:59:17</td>
               <td nowrap="true" align="right">5s
                  
               </td>
               <td nowrap="true">
                   
                  
               </td>
            </tr>
            <tr>
               <td colspan="4" class="detailsBox">
                  <div id="com.qa.testcases.HomePageTest_languageboxTest_byClass_PASS17_details"
                       class="testMethodDetails">
                     <div>
                        <b>Name: </b>languageboxTest
                     </div>
                     <div>
                        <b>Signature: </b>languageboxTest()[pri:0, instance:com.qa.testcases.HomePageTest@f79e]
                     </div>
                     <div>
                        <b>Start time: </b>12:59:17
                     </div>
                     <div>
                        <b>End time: </b>12:59:22
                     </div>
                     <div>
                        <b>Duration: </b>5s
                        
                     </div>
                     <div>
                        <b>Depends on methods:
                           
                        </b>
                        <div>
                               -
                           com.qa.testcases.HomePageTest.serchbarTest
                        </div>
                     </div>
                  </div>
               </td>
            </tr>
            <tr></tr>
            <tr id="com.qa.testcases.HomePageTest_teardown_byClass_PASS18_row"
                class="testMethodStatusPASS testMethodStatusCONF">
               <td width="100%" class="firstMethodCell">
                  <a onclick="toggleDetailsVisibility('com.qa.testcases.HomePageTest_teardown_byClass_PASS18_details')">teardown()</a>
               </td>
               <td nowrap="true">12:59:22</td>
               <td nowrap="true" align="right">838 ms
                  
               </td>
               <td nowrap="true">
                   
                  
               </td>
            </tr>
            <tr>
               <td colspan="4" class="detailsBox">
                  <div id="com.qa.testcases.HomePageTest_teardown_byClass_PASS18_details"
                       class="testMethodDetails">
                     <div>
                        <b>Name: </b>teardown
                     </div>
                     <div>
                        <b>Signature: </b>teardown()[pri:0, instance:com.qa.testcases.HomePageTest@f79e]
                     </div>
                     <div>
                        <b>Start time: </b>12:59:22
                     </div>
                     <div>
                        <b>End time: </b>12:59:23
                     </div>
                     <div>
                        <b>Duration: </b>838 ms
                        
                     </div>
                  </div>
               </td>
            </tr>
            <tr></tr>
            <tr id="com.qa.testcases.HomePageTest_setup_byClass_FAIL19_row"
                class="testMethodStatusFAIL testMethodStatusCONF">
               <td width="100%" class="firstMethodCell">
                  <a onclick="toggleDetailsVisibility('com.qa.testcases.HomePageTest_setup_byClass_FAIL19_details')">setup()</a>
               </td>
               <td nowrap="true">12:59:23</td>
               <td nowrap="true" align="right">31s
                  
               </td>
               <td nowrap="true">
                  <a onclick="toggleDetailsVisibility('com.qa.testcases.HomePageTest_setup_byClass_FAIL19_exception')">org.openqa.selenium.TimeoutException: 
                     timeout: Timed out receiving message from renderer: 29.273
                     (Session info: MicrosoftEdge=120.0.2210.133)
                     Build info: version: '4.14.1', revision: '03f8ede370'
                     System info: os.name: 'Windows 10', os.arch: 'amd64', os.version: '10.0', java.version: '14.0.2'
                     Driver info: org.openqa.selenium.edge.EdgeDriver
                     Command: [a8ded4ffa5905217f35c7a7427a537d8, get {url=https://www.amazon.in}]
                     Capabilities {acceptInsecureCerts: false, browserName: MicrosoftEdge, browserVersion: 120.0.2210.133, fedcm:accounts: true,
                     ms:edgeOptions: {debuggerAddress: localhost:50113}, msedge: {msedgedriverVersion: 120.0.2210.133 (5a3825c4628..., userDataDir:
                     C:\Users\jaybr\AppData\Loca...}, networkConnectionEnabled: false, pageLoadStrategy: normal, platformName: windows, proxy:
                     Proxy(), se:cdp: ws://localhost:50113/devtoo..., se:cdpVersion: 120.0.2210.133, setWindowRect: true, strictFileInteractability:
                     false, timeouts: {implicit: 0, pageLoad: 300000, script: 30000}, unhandledPromptBehavior: dismiss and notify, webauthn:extension:credBlob:
                     true, webauthn:extension:largeBlob: true, webauthn:extension:minPinLength: true, webauthn:extension:prf: true, webauthn:virtualAuthenticators:
                     true}
                     Session ID: a8ded4ffa5905217f35c7a7427a537d8
                     
                  </a>
                   
                  
               </td>
            </tr>
            <tr>
               <td colspan="4" class="detailsBox">
                  <div id="com.qa.testcases.HomePageTest_setup_byClass_FAIL19_details"
                       class="testMethodDetails">
                     <div>
                        <b>Name: </b>setup
                     </div>
                     <div>
                        <b>Signature: </b>setup()[pri:0, instance:com.qa.testcases.HomePageTest@f79e]
                     </div>
                     <div>
                        <b>Start time: </b>12:59:23
                     </div>
                     <div>
                        <b>End time: </b>12:59:55
                     </div>
                     <div>
                        <b>Duration: </b>31s
                        
                     </div>
                  </div>
               </td>
            </tr>
            <tr>
               <td colspan="4" class="detailsBox">
                  <div id="com.qa.testcases.HomePageTest_setup_byClass_FAIL19_exception"
                       class="testMethodDetails">
                     <pre style="padding: 5px; margin: 0;">org.openqa.selenium.TimeoutException: timeout: Timed out receiving message from renderer: 29.273
                        (Session info: MicrosoftEdge=120.0.2210.133)
                        Build info: version: '4.14.1', revision: '03f8ede370'
                        System info: os.name: 'Windows 10', os.arch: 'amd64', os.version: '10.0', java.version: '14.0.2'
                        Driver info: org.openqa.selenium.edge.EdgeDriver
                        Command: [a8ded4ffa5905217f35c7a7427a537d8, get {url=https://www.amazon.in}]
                        Capabilities {acceptInsecureCerts: false, browserName: MicrosoftEdge, browserVersion: 120.0.2210.133, fedcm:accounts: true,
                        ms:edgeOptions: {debuggerAddress: localhost:50113}, msedge: {msedgedriverVersion: 120.0.2210.133 (5a3825c4628..., userDataDir:
                        C:\Users\jaybr\AppData\Loca...}, networkConnectionEnabled: false, pageLoadStrategy: normal, platformName: windows, proxy:
                        Proxy(), se:cdp: ws://localhost:50113/devtoo..., se:cdpVersion: 120.0.2210.133, setWindowRect: true, strictFileInteractability:
                        false, timeouts: {implicit: 0, pageLoad: 300000, script: 30000}, unhandledPromptBehavior: dismiss and notify, webauthn:extension:credBlob:
                        true, webauthn:extension:largeBlob: true, webauthn:extension:minPinLength: true, webauthn:extension:prf: true, webauthn:virtualAuthenticators:
                        true}
                        Session ID: a8ded4ffa5905217f35c7a7427a537d8
                        at java.base/jdk.internal.reflect.NativeConstructorAccessorImpl.newInstance0(Native Method)
                        at java.base/jdk.internal.reflect.NativeConstructorAccessorImpl.newInstance(NativeConstructorAccessorImpl.java:62)
                        at java.base/jdk.internal.reflect.DelegatingConstructorAccessorImpl.newInstance(DelegatingConstructorAccessorImpl.java:45)
                        at java.base/java.lang.reflect.Constructor.newInstanceWithCaller(Constructor.java:500)
                        at java.base/java.lang.reflect.Constructor.newInstance(Constructor.java:481)
                        at org.openqa.selenium.remote.codec.w3c.W3CHttpResponseCodec.createException(W3CHttpResponseCodec.java:200)
                        at org.openqa.selenium.remote.codec.w3c.W3CHttpResponseCodec.decode(W3CHttpResponseCodec.java:133)
                        at org.openqa.selenium.remote.codec.w3c.W3CHttpResponseCodec.decode(W3CHttpResponseCodec.java:52)
                        at org.openqa.selenium.remote.HttpCommandExecutor.execute(HttpCommandExecutor.java:191)
                        at org.openqa.selenium.remote.service.DriverCommandExecutor.invokeExecute(DriverCommandExecutor.java:200)
                        at org.openqa.selenium.remote.service.DriverCommandExecutor.execute(DriverCommandExecutor.java:175)
                        at org.openqa.selenium.remote.RemoteWebDriver.execute(RemoteWebDriver.java:602)
                        at org.openqa.selenium.remote.RemoteWebDriver.get(RemoteWebDriver.java:304)
                        at com.qa.base.TestBase.intialization(TestBase.java:53)
                        at com.qa.testcases.HomePageTest.setup(HomePageTest.java:24)
                        at java.base/jdk.internal.reflect.NativeMethodAccessorImpl.invoke0(Native Method)
                        at java.base/jdk.internal.reflect.NativeMethodAccessorImpl.invoke(NativeMethodAccessorImpl.java:62)
                        at java.base/jdk.internal.reflect.DelegatingMethodAccessorImpl.invoke(DelegatingMethodAccessorImpl.java:43)
                        at java.base/java.lang.reflect.Method.invoke(Method.java:564)
                        at org.testng.internal.MethodInvocationHelper.invokeMethod(MethodInvocationHelper.java:124)
                        at org.testng.internal.MethodInvocationHelper.invokeMethodConsideringTimeout(MethodInvocationHelper.java:59)
                        at org.testng.internal.Invoker.invokeConfigurationMethod(Invoker.java:455)
                        at org.testng.internal.Invoker.invokeConfigurations(Invoker.java:222)
                        at org.testng.internal.Invoker.invokeMethod(Invoker.java:520)
                        at org.testng.internal.Invoker.invokeTestMethod(Invoker.java:716)
                        at org.testng.internal.Invoker.invokeTestMethods(Invoker.java:988)
                        at org.testng.internal.TestMethodWorker.invokeTestMethods(TestMethodWorker.java:125)
                        at org.testng.internal.TestMethodWorker.run(TestMethodWorker.java:109)
                        at org.testng.TestRunner.privateRun(TestRunner.java:648)
                        at org.testng.TestRunner.run(TestRunner.java:505)
                        at org.testng.SuiteRunner.runTest(SuiteRunner.java:455)
                        at org.testng.SuiteRunner.runSequentially(SuiteRunner.java:450)
                        at org.testng.SuiteRunner.privateRun(SuiteRunner.java:415)
                        at org.testng.SuiteRunner.run(SuiteRunner.java:364)
                        at org.testng.SuiteRunnerWorker.runSuite(SuiteRunnerWorker.java:52)
                        at org.testng.SuiteRunnerWorker.run(SuiteRunnerWorker.java:84)
                        at org.testng.TestNG.runSuitesSequentially(TestNG.java:1208)
                        at org.testng.TestNG.runSuitesLocally(TestNG.java:1137)
                        at org.testng.TestNG.runSuites(TestNG.java:1049)
                        at org.testng.TestNG.run(TestNG.java:1017)
                        at org.testng.TestNG.privateMain(TestNG.java:1354)
                        at org.testng.TestNG.main(TestNG.java:1323)
                     </pre>
                  </div>
               </td>
            </tr>
            <tr id="com.qa.testcases.HomePageTest_footerTest_byClass_SKIP20_row"
                class="testMethodStatusSKIP">
               <td width="100%" class="firstMethodCell">
                  <a onclick="toggleDetailsVisibility('com.qa.testcases.HomePageTest_footerTest_byClass_SKIP20_details')">footerTest()</a>
               </td>
               <td nowrap="true">12:59:55</td>
               <td nowrap="true" align="right">0 ms
                  
               </td>
               <td nowrap="true">
                  <a onclick="toggleDetailsVisibility('com.qa.testcases.HomePageTest_footerTest_byClass_SKIP20_exception')">java.lang.Throwable: 
                     Method HomePageTest.footerTest()[pri:0, instance:com.qa.testcases.HomePageTest@f79e] depends on not successfully finished
                     methods
                     
                  </a>
                   
                  
               </td>
            </tr>
            <tr>
               <td colspan="4" class="detailsBox">
                  <div id="com.qa.testcases.HomePageTest_footerTest_byClass_SKIP20_details"
                       class="testMethodDetails">
                     <div>
                        <b>Name: </b>footerTest
                     </div>
                     <div>
                        <b>Signature: </b>footerTest()[pri:0, instance:com.qa.testcases.HomePageTest@f79e]
                     </div>
                     <div>
                        <b>Start time: </b>12:59:55
                     </div>
                     <div>
                        <b>End time: </b>12:59:55
                     </div>
                     <div>
                        <b>Duration: </b>0 ms
                        
                     </div>
                     <div>
                        <b>Depends on methods:
                           
                        </b>
                        <div>
                               -
                           com.qa.testcases.HomePageTest.HeaderTest
                        </div>
                     </div>
                  </div>
               </td>
            </tr>
            <tr>
               <td colspan="4" class="detailsBox">
                  <div id="com.qa.testcases.HomePageTest_footerTest_byClass_SKIP20_exception"
                       class="testMethodDetails">
                     <pre style="padding: 5px; margin: 0;">java.lang.Throwable: Method HomePageTest.footerTest()[pri:0, instance:com.qa.testcases.HomePageTest@f79e] depends on not successfully
                        finished methods
                        at org.testng.internal.Invoker.invokeTestMethods(Invoker.java:887)
                        at org.testng.internal.TestMethodWorker.invokeTestMethods(TestMethodWorker.java:125)
                        at org.testng.internal.TestMethodWorker.run(TestMethodWorker.java:109)
                        at org.testng.TestRunner.privateRun(TestRunner.java:648)
                        at org.testng.TestRunner.run(TestRunner.java:505)
                        at org.testng.SuiteRunner.runTest(SuiteRunner.java:455)
                        at org.testng.SuiteRunner.runSequentially(SuiteRunner.java:450)
                        at org.testng.SuiteRunner.privateRun(SuiteRunner.java:415)
                        at org.testng.SuiteRunner.run(SuiteRunner.java:364)
                        at org.testng.SuiteRunnerWorker.runSuite(SuiteRunnerWorker.java:52)
                        at org.testng.SuiteRunnerWorker.run(SuiteRunnerWorker.java:84)
                        at org.testng.TestNG.runSuitesSequentially(TestNG.java:1208)
                        at org.testng.TestNG.runSuitesLocally(TestNG.java:1137)
                        at org.testng.TestNG.runSuites(TestNG.java:1049)
                        at org.testng.TestNG.run(TestNG.java:1017)
                        at org.testng.TestNG.privateMain(TestNG.java:1354)
                        at org.testng.TestNG.main(TestNG.java:1323)
                     </pre>
                  </div>
               </td>
            </tr>
            <tr id="com.qa.testcases.HomePageTest_accountnameTest_byClass_SKIP21_row"
                class="testMethodStatusSKIP">
               <td width="100%" class="firstMethodCell">
                  <a onclick="toggleDetailsVisibility('com.qa.testcases.HomePageTest_accountnameTest_byClass_SKIP21_details')">accountnameTest()</a>
               </td>
               <td nowrap="true">12:59:55</td>
               <td nowrap="true" align="right">0 ms
                  
               </td>
               <td nowrap="true">
                  <a onclick="toggleDetailsVisibility('com.qa.testcases.HomePageTest_accountnameTest_byClass_SKIP21_exception')">org.openqa.selenium.TimeoutException: 
                     timeout: Timed out receiving message from renderer: 29.273
                     (Session info: MicrosoftEdge=120.0.2210.133)
                     Build info: version: '4.14.1', revision: '03f8ede370'
                     System info: os.name: 'Windows 10', os.arch: 'amd64', os.version: '10.0', java.version: '14.0.2'
                     Driver info: org.openqa.selenium.edge.EdgeDriver
                     Command: [a8ded4ffa5905217f35c7a7427a537d8, get {url=https://www.amazon.in}]
                     Capabilities {acceptInsecureCerts: false, browserName: MicrosoftEdge, browserVersion: 120.0.2210.133, fedcm:accounts: true,
                     ms:edgeOptions: {debuggerAddress: localhost:50113}, msedge: {msedgedriverVersion: 120.0.2210.133 (5a3825c4628..., userDataDir:
                     C:\Users\jaybr\AppData\Loca...}, networkConnectionEnabled: false, pageLoadStrategy: normal, platformName: windows, proxy:
                     Proxy(), se:cdp: ws://localhost:50113/devtoo..., se:cdpVersion: 120.0.2210.133, setWindowRect: true, strictFileInteractability:
                     false, timeouts: {implicit: 0, pageLoad: 300000, script: 30000}, unhandledPromptBehavior: dismiss and notify, webauthn:extension:credBlob:
                     true, webauthn:extension:largeBlob: true, webauthn:extension:minPinLength: true, webauthn:extension:prf: true, webauthn:virtualAuthenticators:
                     true}
                     Session ID: a8ded4ffa5905217f35c7a7427a537d8
                     
                  </a>
                   
                  
               </td>
            </tr>
            <tr>
               <td colspan="4" class="detailsBox">
                  <div id="com.qa.testcases.HomePageTest_accountnameTest_byClass_SKIP21_details"
                       class="testMethodDetails">
                     <div>
                        <b>Name: </b>accountnameTest
                     </div>
                     <div>
                        <b>Signature: </b>accountnameTest()[pri:0, instance:com.qa.testcases.HomePageTest@f79e]
                     </div>
                     <div>
                        <b>Start time: </b>12:59:55
                     </div>
                     <div>
                        <b>End time: </b>12:59:55
                     </div>
                     <div>
                        <b>Duration: </b>0 ms
                        
                     </div>
                     <div>
                        <b>Depends on methods:
                           
                        </b>
                        <div>
                               -
                           com.qa.testcases.HomePageTest.languageboxTest
                        </div>
                     </div>
                  </div>
               </td>
            </tr>
            <tr>
               <td colspan="4" class="detailsBox">
                  <div id="com.qa.testcases.HomePageTest_accountnameTest_byClass_SKIP21_exception"
                       class="testMethodDetails">
                     <pre style="padding: 5px; margin: 0;">org.openqa.selenium.TimeoutException: timeout: Timed out receiving message from renderer: 29.273
                        (Session info: MicrosoftEdge=120.0.2210.133)
                        Build info: version: '4.14.1', revision: '03f8ede370'
                        System info: os.name: 'Windows 10', os.arch: 'amd64', os.version: '10.0', java.version: '14.0.2'
                        Driver info: org.openqa.selenium.edge.EdgeDriver
                        Command: [a8ded4ffa5905217f35c7a7427a537d8, get {url=https://www.amazon.in}]
                        Capabilities {acceptInsecureCerts: false, browserName: MicrosoftEdge, browserVersion: 120.0.2210.133, fedcm:accounts: true,
                        ms:edgeOptions: {debuggerAddress: localhost:50113}, msedge: {msedgedriverVersion: 120.0.2210.133 (5a3825c4628..., userDataDir:
                        C:\Users\jaybr\AppData\Loca...}, networkConnectionEnabled: false, pageLoadStrategy: normal, platformName: windows, proxy:
                        Proxy(), se:cdp: ws://localhost:50113/devtoo..., se:cdpVersion: 120.0.2210.133, setWindowRect: true, strictFileInteractability:
                        false, timeouts: {implicit: 0, pageLoad: 300000, script: 30000}, unhandledPromptBehavior: dismiss and notify, webauthn:extension:credBlob:
                        true, webauthn:extension:largeBlob: true, webauthn:extension:minPinLength: true, webauthn:extension:prf: true, webauthn:virtualAuthenticators:
                        true}
                        Session ID: a8ded4ffa5905217f35c7a7427a537d8
                        at java.base/jdk.internal.reflect.NativeConstructorAccessorImpl.newInstance0(Native Method)
                        at java.base/jdk.internal.reflect.NativeConstructorAccessorImpl.newInstance(NativeConstructorAccessorImpl.java:62)
                        at java.base/jdk.internal.reflect.DelegatingConstructorAccessorImpl.newInstance(DelegatingConstructorAccessorImpl.java:45)
                        at java.base/java.lang.reflect.Constructor.newInstanceWithCaller(Constructor.java:500)
                        at java.base/java.lang.reflect.Constructor.newInstance(Constructor.java:481)
                        at org.openqa.selenium.remote.codec.w3c.W3CHttpResponseCodec.createException(W3CHttpResponseCodec.java:200)
                        at org.openqa.selenium.remote.codec.w3c.W3CHttpResponseCodec.decode(W3CHttpResponseCodec.java:133)
                        at org.openqa.selenium.remote.codec.w3c.W3CHttpResponseCodec.decode(W3CHttpResponseCodec.java:52)
                        at org.openqa.selenium.remote.HttpCommandExecutor.execute(HttpCommandExecutor.java:191)
                        at org.openqa.selenium.remote.service.DriverCommandExecutor.invokeExecute(DriverCommandExecutor.java:200)
                        at org.openqa.selenium.remote.service.DriverCommandExecutor.execute(DriverCommandExecutor.java:175)
                        at org.openqa.selenium.remote.RemoteWebDriver.execute(RemoteWebDriver.java:602)
                        at org.openqa.selenium.remote.RemoteWebDriver.get(RemoteWebDriver.java:304)
                        at com.qa.base.TestBase.intialization(TestBase.java:53)
                        at com.qa.testcases.HomePageTest.setup(HomePageTest.java:24)
                        at java.base/jdk.internal.reflect.NativeMethodAccessorImpl.invoke0(Native Method)
                        at java.base/jdk.internal.reflect.NativeMethodAccessorImpl.invoke(NativeMethodAccessorImpl.java:62)
                        at java.base/jdk.internal.reflect.DelegatingMethodAccessorImpl.invoke(DelegatingMethodAccessorImpl.java:43)
                        at java.base/java.lang.reflect.Method.invoke(Method.java:564)
                        at org.testng.internal.MethodInvocationHelper.invokeMethod(MethodInvocationHelper.java:124)
                        at org.testng.internal.MethodInvocationHelper.invokeMethodConsideringTimeout(MethodInvocationHelper.java:59)
                        at org.testng.internal.Invoker.invokeConfigurationMethod(Invoker.java:455)
                        at org.testng.internal.Invoker.invokeConfigurations(Invoker.java:222)
                        at org.testng.internal.Invoker.invokeMethod(Invoker.java:520)
                        at org.testng.internal.Invoker.invokeTestMethod(Invoker.java:716)
                        at org.testng.internal.Invoker.invokeTestMethods(Invoker.java:988)
                        at org.testng.internal.TestMethodWorker.invokeTestMethods(TestMethodWorker.java:125)
                        at org.testng.internal.TestMethodWorker.run(TestMethodWorker.java:109)
                        at org.testng.TestRunner.privateRun(TestRunner.java:648)
                        at org.testng.TestRunner.run(TestRunner.java:505)
                        at org.testng.SuiteRunner.runTest(SuiteRunner.java:455)
                        at org.testng.SuiteRunner.runSequentially(SuiteRunner.java:450)
                        at org.testng.SuiteRunner.privateRun(SuiteRunner.java:415)
                        at org.testng.SuiteRunner.run(SuiteRunner.java:364)
                        at org.testng.SuiteRunnerWorker.runSuite(SuiteRunnerWorker.java:52)
                        at org.testng.SuiteRunnerWorker.run(SuiteRunnerWorker.java:84)
                        at org.testng.TestNG.runSuitesSequentially(TestNG.java:1208)
                        at org.testng.TestNG.runSuitesLocally(TestNG.java:1137)
                        at org.testng.TestNG.runSuites(TestNG.java:1049)
                        at org.testng.TestNG.run(TestNG.java:1017)
                        at org.testng.TestNG.privateMain(TestNG.java:1354)
                        at org.testng.TestNG.main(TestNG.java:1323)
                     </pre>
                  </div>
               </td>
            </tr>
            <tr id="com.qa.testcases.HomePageTest_teardown_byClass_SKIP22_row"
                class="testMethodStatusSKIP testMethodStatusCONF">
               <td width="100%" class="firstMethodCell">
                  <a onclick="toggleDetailsVisibility('com.qa.testcases.HomePageTest_teardown_byClass_SKIP22_details')">teardown()</a>
               </td>
               <td nowrap="true">12:59:55</td>
               <td nowrap="true" align="right">0 ms
                  
               </td>
               <td nowrap="true">
                   
                  
               </td>
            </tr>
            <tr>
               <td colspan="4" class="detailsBox">
                  <div id="com.qa.testcases.HomePageTest_teardown_byClass_SKIP22_details"
                       class="testMethodDetails">
                     <div>
                        <b>Name: </b>teardown
                     </div>
                     <div>
                        <b>Signature: </b>teardown()[pri:0, instance:com.qa.testcases.HomePageTest@f79e]
                     </div>
                     <div>
                        <b>Start time: </b>12:59:55
                     </div>
                     <div>
                        <b>End time: </b>12:59:55
                     </div>
                     <div>
                        <b>Duration: </b>0 ms
                        
                     </div>
                  </div>
               </td>
            </tr>
            <tr></tr>
            <tr id="com.qa.testcases.HomePageTest_HeaderTest_byClass_SKIP23_row"
                class="testMethodStatusSKIP">
               <td width="100%" class="firstMethodCell">
                  <a onclick="toggleDetailsVisibility('com.qa.testcases.HomePageTest_HeaderTest_byClass_SKIP23_details')">HeaderTest()</a>
               </td>
               <td nowrap="true">12:59:55</td>
               <td nowrap="true" align="right">0 ms
                  
               </td>
               <td nowrap="true">
                  <a onclick="toggleDetailsVisibility('com.qa.testcases.HomePageTest_HeaderTest_byClass_SKIP23_exception')">java.lang.Throwable: 
                     Method HomePageTest.HeaderTest()[pri:0, instance:com.qa.testcases.HomePageTest@f79e] depends on not successfully finished
                     methods
                     
                  </a>
                   
                  
               </td>
            </tr>
            <tr>
               <td colspan="4" class="detailsBox">
                  <div id="com.qa.testcases.HomePageTest_HeaderTest_byClass_SKIP23_details"
                       class="testMethodDetails">
                     <div>
                        <b>Name: </b>HeaderTest
                     </div>
                     <div>
                        <b>Signature: </b>HeaderTest()[pri:0, instance:com.qa.testcases.HomePageTest@f79e]
                     </div>
                     <div>
                        <b>Start time: </b>12:59:55
                     </div>
                     <div>
                        <b>End time: </b>12:59:55
                     </div>
                     <div>
                        <b>Duration: </b>0 ms
                        
                     </div>
                     <div>
                        <b>Depends on methods:
                           
                        </b>
                        <div>
                               -
                           com.qa.testcases.HomePageTest.accountnameTest
                        </div>
                     </div>
                  </div>
               </td>
            </tr>
            <tr>
               <td colspan="4" class="detailsBox">
                  <div id="com.qa.testcases.HomePageTest_HeaderTest_byClass_SKIP23_exception"
                       class="testMethodDetails">
                     <pre style="padding: 5px; margin: 0;">java.lang.Throwable: Method HomePageTest.HeaderTest()[pri:0, instance:com.qa.testcases.HomePageTest@f79e] depends on not successfully
                        finished methods
                        at org.testng.internal.Invoker.invokeTestMethods(Invoker.java:887)
                        at org.testng.internal.TestMethodWorker.invokeTestMethods(TestMethodWorker.java:125)
                        at org.testng.internal.TestMethodWorker.run(TestMethodWorker.java:109)
                        at org.testng.TestRunner.privateRun(TestRunner.java:648)
                        at org.testng.TestRunner.run(TestRunner.java:505)
                        at org.testng.SuiteRunner.runTest(SuiteRunner.java:455)
                        at org.testng.SuiteRunner.runSequentially(SuiteRunner.java:450)
                        at org.testng.SuiteRunner.privateRun(SuiteRunner.java:415)
                        at org.testng.SuiteRunner.run(SuiteRunner.java:364)
                        at org.testng.SuiteRunnerWorker.runSuite(SuiteRunnerWorker.java:52)
                        at org.testng.SuiteRunnerWorker.run(SuiteRunnerWorker.java:84)
                        at org.testng.TestNG.runSuitesSequentially(TestNG.java:1208)
                        at org.testng.TestNG.runSuitesLocally(TestNG.java:1137)
                        at org.testng.TestNG.runSuites(TestNG.java:1049)
                        at org.testng.TestNG.run(TestNG.java:1017)
                        at org.testng.TestNG.privateMain(TestNG.java:1354)
                        at org.testng.TestNG.main(TestNG.java:1323)
                     </pre>
                  </div>
               </td>
            </tr>
         </table>
         <br></br>
         <table class="testMethodsTable" cellpadding="0" cellspacing="0">
            <tr>
               <td colspan="4">
                  <h3 style="display: inline;">com.qa.testcases.LoginPageTest</h3>
               </td>
            </tr>
            <tr class="methodsTableHeader">
               <td width="100%">Name</td>
               <td nowrap="true">Started</td>
               <td nowrap="true">Duration</td>
               <td>Exception</td>
            </tr>
            <tr id="com.qa.testcases.LoginPageTest_setup_byClass_PASS1_row"
                class="testMethodStatusPASS testMethodStatusCONF">
               <td width="100%" class="firstMethodCell">
                  <a onclick="toggleDetailsVisibility('com.qa.testcases.LoginPageTest_setup_byClass_PASS1_details')">setup()</a>
               </td>
               <td nowrap="true">12:59:55</td>
               <td nowrap="true" align="right">8s
                  
               </td>
               <td nowrap="true">
                   
                  
               </td>
            </tr>
            <tr>
               <td colspan="4" class="detailsBox">
                  <div id="com.qa.testcases.LoginPageTest_setup_byClass_PASS1_details"
                       class="testMethodDetails">
                     <div>
                        <b>Name: </b>setup
                     </div>
                     <div>
                        <b>Signature: </b>setup()[pri:0, instance:com.qa.testcases.LoginPageTest@1757cd72]
                     </div>
                     <div>
                        <b>Start time: </b>12:59:55
                     </div>
                     <div>
                        <b>End time: </b>13:00:03
                     </div>
                     <div>
                        <b>Duration: </b>8s
                        
                     </div>
                  </div>
               </td>
            </tr>
            <tr></tr>
            <tr id="com.qa.testcases.LoginPageTest_EmptyemailloginTest_byClass_PASS2_row"
                class="testMethodStatusPASS">
               <td width="100%" class="firstMethodCell">
                  <a onclick="toggleDetailsVisibility('com.qa.testcases.LoginPageTest_EmptyemailloginTest_byClass_PASS2_details')">EmptyemailloginTest()</a>
               </td>
               <td nowrap="true">13:00:03</td>
               <td nowrap="true" align="right">1s
                  
               </td>
               <td nowrap="true">
                   
                  
               </td>
            </tr>
            <tr>
               <td colspan="4" class="detailsBox">
                  <div id="com.qa.testcases.LoginPageTest_EmptyemailloginTest_byClass_PASS2_details"
                       class="testMethodDetails">
                     <div>
                        <b>Name: </b>EmptyemailloginTest
                     </div>
                     <div>
                        <b>Signature: </b>EmptyemailloginTest()[pri:0, instance:com.qa.testcases.LoginPageTest@1757cd72]
                     </div>
                     <div>
                        <b>Start time: </b>13:00:03
                     </div>
                     <div>
                        <b>End time: </b>13:00:04
                     </div>
                     <div>
                        <b>Duration: </b>1s
                        
                     </div>
                  </div>
               </td>
            </tr>
            <tr></tr>
            <tr id="com.qa.testcases.LoginPageTest_teardown_byClass_PASS3_row"
                class="testMethodStatusPASS testMethodStatusCONF">
               <td width="100%" class="firstMethodCell">
                  <a onclick="toggleDetailsVisibility('com.qa.testcases.LoginPageTest_teardown_byClass_PASS3_details')">teardown()</a>
               </td>
               <td nowrap="true">13:00:04</td>
               <td nowrap="true" align="right">738 ms
                  
               </td>
               <td nowrap="true">
                   
                  
               </td>
            </tr>
            <tr>
               <td colspan="4" class="detailsBox">
                  <div id="com.qa.testcases.LoginPageTest_teardown_byClass_PASS3_details"
                       class="testMethodDetails">
                     <div>
                        <b>Name: </b>teardown
                     </div>
                     <div>
                        <b>Signature: </b>teardown()[pri:0, instance:com.qa.testcases.LoginPageTest@1757cd72]
                     </div>
                     <div>
                        <b>Start time: </b>13:00:04
                     </div>
                     <div>
                        <b>End time: </b>13:00:05
                     </div>
                     <div>
                        <b>Duration: </b>738 ms
                        
                     </div>
                  </div>
               </td>
            </tr>
            <tr></tr>
            <tr id="com.qa.testcases.LoginPageTest_setup_byClass_PASS4_row"
                class="testMethodStatusPASS testMethodStatusCONF">
               <td width="100%" class="firstMethodCell">
                  <a onclick="toggleDetailsVisibility('com.qa.testcases.LoginPageTest_setup_byClass_PASS4_details')">setup()</a>
               </td>
               <td nowrap="true">13:00:05</td>
               <td nowrap="true" align="right">4s
                  
               </td>
               <td nowrap="true">
                   
                  
               </td>
            </tr>
            <tr>
               <td colspan="4" class="detailsBox">
                  <div id="com.qa.testcases.LoginPageTest_setup_byClass_PASS4_details"
                       class="testMethodDetails">
                     <div>
                        <b>Name: </b>setup
                     </div>
                     <div>
                        <b>Signature: </b>setup()[pri:0, instance:com.qa.testcases.LoginPageTest@1757cd72]
                     </div>
                     <div>
                        <b>Start time: </b>13:00:05
                     </div>
                     <div>
                        <b>End time: </b>13:00:10
                     </div>
                     <div>
                        <b>Duration: </b>4s
                        
                     </div>
                  </div>
               </td>
            </tr>
            <tr></tr>
            <tr id="com.qa.testcases.LoginPageTest_emptypasswordloginTest_byClass_PASS5_row"
                class="testMethodStatusPASS">
               <td width="100%" class="firstMethodCell">
                  <a onclick="toggleDetailsVisibility('com.qa.testcases.LoginPageTest_emptypasswordloginTest_byClass_PASS5_details')">emptypasswordloginTest()</a>
               </td>
               <td nowrap="true">13:00:10</td>
               <td nowrap="true" align="right">2s
                  
               </td>
               <td nowrap="true">
                   
                  
               </td>
            </tr>
            <tr>
               <td colspan="4" class="detailsBox">
                  <div id="com.qa.testcases.LoginPageTest_emptypasswordloginTest_byClass_PASS5_details"
                       class="testMethodDetails">
                     <div>
                        <b>Name: </b>emptypasswordloginTest
                     </div>
                     <div>
                        <b>Signature: </b>emptypasswordloginTest()[pri:0, instance:com.qa.testcases.LoginPageTest@1757cd72]
                     </div>
                     <div>
                        <b>Start time: </b>13:00:10
                     </div>
                     <div>
                        <b>End time: </b>13:00:13
                     </div>
                     <div>
                        <b>Duration: </b>2s
                        
                     </div>
                  </div>
               </td>
            </tr>
            <tr></tr>
            <tr id="com.qa.testcases.LoginPageTest_teardown_byClass_PASS6_row"
                class="testMethodStatusPASS testMethodStatusCONF">
               <td width="100%" class="firstMethodCell">
                  <a onclick="toggleDetailsVisibility('com.qa.testcases.LoginPageTest_teardown_byClass_PASS6_details')">teardown()</a>
               </td>
               <td nowrap="true">13:00:13</td>
               <td nowrap="true" align="right">819 ms
                  
               </td>
               <td nowrap="true">
                   
                  
               </td>
            </tr>
            <tr>
               <td colspan="4" class="detailsBox">
                  <div id="com.qa.testcases.LoginPageTest_teardown_byClass_PASS6_details"
                       class="testMethodDetails">
                     <div>
                        <b>Name: </b>teardown
                     </div>
                     <div>
                        <b>Signature: </b>teardown()[pri:0, instance:com.qa.testcases.LoginPageTest@1757cd72]
                     </div>
                     <div>
                        <b>Start time: </b>13:00:13
                     </div>
                     <div>
                        <b>End time: </b>13:00:14
                     </div>
                     <div>
                        <b>Duration: </b>819 ms
                        
                     </div>
                  </div>
               </td>
            </tr>
            <tr></tr>
            <tr id="com.qa.testcases.LoginPageTest_setup_byClass_PASS7_row"
                class="testMethodStatusPASS testMethodStatusCONF">
               <td width="100%" class="firstMethodCell">
                  <a onclick="toggleDetailsVisibility('com.qa.testcases.LoginPageTest_setup_byClass_PASS7_details')">setup()</a>
               </td>
               <td nowrap="true">13:00:14</td>
               <td nowrap="true" align="right">8s
                  
               </td>
               <td nowrap="true">
                   
                  
               </td>
            </tr>
            <tr>
               <td colspan="4" class="detailsBox">
                  <div id="com.qa.testcases.LoginPageTest_setup_byClass_PASS7_details"
                       class="testMethodDetails">
                     <div>
                        <b>Name: </b>setup
                     </div>
                     <div>
                        <b>Signature: </b>setup()[pri:0, instance:com.qa.testcases.LoginPageTest@1757cd72]
                     </div>
                     <div>
                        <b>Start time: </b>13:00:14
                     </div>
                     <div>
                        <b>End time: </b>13:00:23
                     </div>
                     <div>
                        <b>Duration: </b>8s
                        
                     </div>
                  </div>
               </td>
            </tr>
            <tr></tr>
            <tr id="com.qa.testcases.LoginPageTest_wrongemailloginTest_byClass_PASS8_row"
                class="testMethodStatusPASS">
               <td width="100%" class="firstMethodCell">
                  <a onclick="toggleDetailsVisibility('com.qa.testcases.LoginPageTest_wrongemailloginTest_byClass_PASS8_details')">wrongemailloginTest()</a>
               </td>
               <td nowrap="true">13:00:23</td>
               <td nowrap="true" align="right">2s
                  
               </td>
               <td nowrap="true">
                   
                  
               </td>
            </tr>
            <tr>
               <td colspan="4" class="detailsBox">
                  <div id="com.qa.testcases.LoginPageTest_wrongemailloginTest_byClass_PASS8_details"
                       class="testMethodDetails">
                     <div>
                        <b>Name: </b>wrongemailloginTest
                     </div>
                     <div>
                        <b>Signature: </b>wrongemailloginTest()[pri:0, instance:com.qa.testcases.LoginPageTest@1757cd72]
                     </div>
                     <div>
                        <b>Start time: </b>13:00:23
                     </div>
                     <div>
                        <b>End time: </b>13:00:25
                     </div>
                     <div>
                        <b>Duration: </b>2s
                        
                     </div>
                  </div>
               </td>
            </tr>
            <tr></tr>
            <tr id="com.qa.testcases.LoginPageTest_teardown_byClass_PASS9_row"
                class="testMethodStatusPASS testMethodStatusCONF">
               <td width="100%" class="firstMethodCell">
                  <a onclick="toggleDetailsVisibility('com.qa.testcases.LoginPageTest_teardown_byClass_PASS9_details')">teardown()</a>
               </td>
               <td nowrap="true">13:00:25</td>
               <td nowrap="true" align="right">802 ms
                  
               </td>
               <td nowrap="true">
                   
                  
               </td>
            </tr>
            <tr>
               <td colspan="4" class="detailsBox">
                  <div id="com.qa.testcases.LoginPageTest_teardown_byClass_PASS9_details"
                       class="testMethodDetails">
                     <div>
                        <b>Name: </b>teardown
                     </div>
                     <div>
                        <b>Signature: </b>teardown()[pri:0, instance:com.qa.testcases.LoginPageTest@1757cd72]
                     </div>
                     <div>
                        <b>Start time: </b>13:00:25
                     </div>
                     <div>
                        <b>End time: </b>13:00:26
                     </div>
                     <div>
                        <b>Duration: </b>802 ms
                        
                     </div>
                  </div>
               </td>
            </tr>
            <tr></tr>
            <tr id="com.qa.testcases.LoginPageTest_setup_byClass_PASS10_row"
                class="testMethodStatusPASS testMethodStatusCONF">
               <td width="100%" class="firstMethodCell">
                  <a onclick="toggleDetailsVisibility('com.qa.testcases.LoginPageTest_setup_byClass_PASS10_details')">setup()</a>
               </td>
               <td nowrap="true">13:00:26</td>
               <td nowrap="true" align="right">9s
                  
               </td>
               <td nowrap="true">
                   
                  
               </td>
            </tr>
            <tr>
               <td colspan="4" class="detailsBox">
                  <div id="com.qa.testcases.LoginPageTest_setup_byClass_PASS10_details"
                       class="testMethodDetails">
                     <div>
                        <b>Name: </b>setup
                     </div>
                     <div>
                        <b>Signature: </b>setup()[pri:0, instance:com.qa.testcases.LoginPageTest@1757cd72]
                     </div>
                     <div>
                        <b>Start time: </b>13:00:26
                     </div>
                     <div>
                        <b>End time: </b>13:00:35
                     </div>
                     <div>
                        <b>Duration: </b>9s
                        
                     </div>
                  </div>
               </td>
            </tr>
            <tr></tr>
            <tr id="com.qa.testcases.LoginPageTest_loginpagetitletest_byClass_PASS11_row"
                class="testMethodStatusPASS">
               <td width="100%" class="firstMethodCell">
                  <a onclick="toggleDetailsVisibility('com.qa.testcases.LoginPageTest_loginpagetitletest_byClass_PASS11_details')">loginpagetitletest()</a>
               </td>
               <td nowrap="true">13:00:35</td>
               <td nowrap="true" align="right">8 ms
                  
               </td>
               <td nowrap="true">
                   
                  
               </td>
            </tr>
            <tr>
               <td colspan="4" class="detailsBox">
                  <div id="com.qa.testcases.LoginPageTest_loginpagetitletest_byClass_PASS11_details"
                       class="testMethodDetails">
                     <div>
                        <b>Name: </b>loginpagetitletest
                     </div>
                     <div>
                        <b>Signature: </b>loginpagetitletest()[pri:1, instance:com.qa.testcases.LoginPageTest@1757cd72]
                     </div>
                     <div>
                        <b>Start time: </b>13:00:35
                     </div>
                     <div>
                        <b>End time: </b>13:00:35
                     </div>
                     <div>
                        <b>Duration: </b>8 ms
                        
                     </div>
                  </div>
               </td>
            </tr>
            <tr></tr>
            <tr id="com.qa.testcases.LoginPageTest_teardown_byClass_PASS12_row"
                class="testMethodStatusPASS testMethodStatusCONF">
               <td width="100%" class="firstMethodCell">
                  <a onclick="toggleDetailsVisibility('com.qa.testcases.LoginPageTest_teardown_byClass_PASS12_details')">teardown()</a>
               </td>
               <td nowrap="true">13:00:35</td>
               <td nowrap="true" align="right">772 ms
                  
               </td>
               <td nowrap="true">
                   
                  
               </td>
            </tr>
            <tr>
               <td colspan="4" class="detailsBox">
                  <div id="com.qa.testcases.LoginPageTest_teardown_byClass_PASS12_details"
                       class="testMethodDetails">
                     <div>
                        <b>Name: </b>teardown
                     </div>
                     <div>
                        <b>Signature: </b>teardown()[pri:0, instance:com.qa.testcases.LoginPageTest@1757cd72]
                     </div>
                     <div>
                        <b>Start time: </b>13:00:35
                     </div>
                     <div>
                        <b>End time: </b>13:00:36
                     </div>
                     <div>
                        <b>Duration: </b>772 ms
                        
                     </div>
                  </div>
               </td>
            </tr>
            <tr></tr>
            <tr id="com.qa.testcases.LoginPageTest_setup_byClass_PASS13_row"
                class="testMethodStatusPASS testMethodStatusCONF">
               <td width="100%" class="firstMethodCell">
                  <a onclick="toggleDetailsVisibility('com.qa.testcases.LoginPageTest_setup_byClass_PASS13_details')">setup()</a>
               </td>
               <td nowrap="true">13:00:36</td>
               <td nowrap="true" align="right">9s
                  
               </td>
               <td nowrap="true">
                   
                  
               </td>
            </tr>
            <tr>
               <td colspan="4" class="detailsBox">
                  <div id="com.qa.testcases.LoginPageTest_setup_byClass_PASS13_details"
                       class="testMethodDetails">
                     <div>
                        <b>Name: </b>setup
                     </div>
                     <div>
                        <b>Signature: </b>setup()[pri:0, instance:com.qa.testcases.LoginPageTest@1757cd72]
                     </div>
                     <div>
                        <b>Start time: </b>13:00:36
                     </div>
                     <div>
                        <b>End time: </b>13:00:45
                     </div>
                     <div>
                        <b>Duration: </b>9s
                        
                     </div>
                  </div>
               </td>
            </tr>
            <tr></tr>
            <tr id="com.qa.testcases.LoginPageTest_loginTest_byClass_PASS14_row"
                class="testMethodStatusPASS">
               <td width="100%" class="firstMethodCell">
                  <a onclick="toggleDetailsVisibility('com.qa.testcases.LoginPageTest_loginTest_byClass_PASS14_details')">loginTest()</a>
               </td>
               <td nowrap="true">13:00:45</td>
               <td nowrap="true" align="right">4s
                  
               </td>
               <td nowrap="true">
                   
                  
               </td>
            </tr>
            <tr>
               <td colspan="4" class="detailsBox">
                  <div id="com.qa.testcases.LoginPageTest_loginTest_byClass_PASS14_details"
                       class="testMethodDetails">
                     <div>
                        <b>Name: </b>loginTest
                     </div>
                     <div>
                        <b>Signature: </b>loginTest()[pri:2, instance:com.qa.testcases.LoginPageTest@1757cd72]
                     </div>
                     <div>
                        <b>Start time: </b>13:00:45
                     </div>
                     <div>
                        <b>End time: </b>13:00:49
                     </div>
                     <div>
                        <b>Duration: </b>4s
                        
                     </div>
                  </div>
               </td>
            </tr>
            <tr></tr>
            <tr id="com.qa.testcases.LoginPageTest_teardown_byClass_PASS15_row"
                class="testMethodStatusPASS testMethodStatusCONF">
               <td width="100%" class="firstMethodCell">
                  <a onclick="toggleDetailsVisibility('com.qa.testcases.LoginPageTest_teardown_byClass_PASS15_details')">teardown()</a>
               </td>
               <td nowrap="true">13:00:49</td>
               <td nowrap="true" align="right">858 ms
                  
               </td>
               <td nowrap="true">
                   
                  
               </td>
            </tr>
            <tr>
               <td colspan="4" class="detailsBox">
                  <div id="com.qa.testcases.LoginPageTest_teardown_byClass_PASS15_details"
                       class="testMethodDetails">
                     <div>
                        <b>Name: </b>teardown
                     </div>
                     <div>
                        <b>Signature: </b>teardown()[pri:0, instance:com.qa.testcases.LoginPageTest@1757cd72]
                     </div>
                     <div>
                        <b>Start time: </b>13:00:49
                     </div>
                     <div>
                        <b>End time: </b>13:00:50
                     </div>
                     <div>
                        <b>Duration: </b>858 ms
                        
                     </div>
                  </div>
               </td>
            </tr>
            <tr></tr>
         </table>
         <br></br>
      </div>
      <div style="margin-top: 15px; color: gray; text-align: center; font-size: 9px;">
         Generated with
         
         <a href="http://code.google.com/p/testng-xslt/" style="color: #8888aa;"
            target="_blank">
            TestNG XSLT
            
         </a>
      </div>
   </body>
</html>