<?xml version="1.0" encoding="UTF-8"?>
<!-- Generated by org.testng.reporters.JUnitXMLReporter -->
<testsuite ignored="0" hostname="jay" failures="0" tests="14" name="testng" time="164.879" errors="0" timestamp="2024-01-16T06:26:02 EST">
  <testcase classname="com.qa.testcases.HomePageTest" name="HeaderTest" time="4.788"/>
  <testcase classname="com.qa.testcases.HomePageTest" name="HomePagetitletest" time="3.603"/>
  <testcase classname="com.qa.testcases.HomePageTest" name="accountnameTest" time="3.502"/>
  <testcase classname="com.qa.testcases.HomePageTest" name="footerTest" time="3.473"/>
  <testcase classname="com.qa.testcases.HomePageTest" name="languageboxTest" time="2.753"/>
  <testcase classname="com.qa.testcases.HomePageTest" name="serchbarTest" time="3.552"/>
  <testcase classname="com.qa.testcases.HomePageTest" name="verifyamazonimgTest" time="3.556"/>
  <testcase classname="com.qa.testcases.HomePageTest" name="verifydelivarytabTest" time="4.221"/>
  <testcase classname="com.qa.testcases.HomePageTest" name="verifydropdownTest" time="2.897"/>
  <testcase classname="com.qa.testcases.LoginPageTest" name="EmptyemailloginTest" time="1.458"/>
  <testcase classname="com.qa.testcases.LoginPageTest" name="emptypasswordloginTest" time="2.745"/>
  <testcase classname="com.qa.testcases.LoginPageTest" name="wrongemailloginTest" time="1.698"/>
  <testcase classname="com.qa.testcases.LoginPageTest" name="loginpagetitletest" time="0.008"/>
  <testcase classname="com.qa.testcases.LoginPageTest" name="loginTest" time="3.386"/>
</testsuite> <!-- testng -->
