<?xml version="1.0" encoding="UTF-8"?>
<!-- Generated by org.testng.reporters.JUnitXMLReporter -->
<testsuite ignored="0" hostname="jay" failures="0" tests="14" name="testng1" time="189.754" errors="0" timestamp="2024-01-16T03:15:29 EST">
  <testcase classname="com.qa.testcases.HomePageTest" name="HeaderTest" time="2.918"/>
  <testcase classname="com.qa.testcases.HomePageTest" name="HomePagetitletest" time="4.722"/>
  <testcase classname="com.qa.testcases.HomePageTest" name="accountnameTest" time="13.265"/>
  <testcase classname="com.qa.testcases.HomePageTest" name="footerTest" time="3.966"/>
  <testcase classname="com.qa.testcases.HomePageTest" name="languageboxTest" time="3.028"/>
  <testcase classname="com.qa.testcases.HomePageTest" name="serchbarTest" time="3.892"/>
  <testcase classname="com.qa.testcases.HomePageTest" name="verifyamazonimgTest" time="2.765"/>
  <testcase classname="com.qa.testcases.HomePageTest" name="verifydelivarytabTest" time="2.355"/>
  <testcase classname="com.qa.testcases.HomePageTest" name="verifydropdownTest" time="3.808"/>
  <testcase classname="com.qa.testcases.LoginPageTest" name="EmptyemailloginTest" time="1.181"/>
  <testcase classname="com.qa.testcases.LoginPageTest" name="emptypasswordloginTest" time="7.987"/>
  <testcase classname="com.qa.testcases.LoginPageTest" name="wrongemailloginTest" time="2.072"/>
  <testcase classname="com.qa.testcases.LoginPageTest" name="loginpagetitletest" time="0.048"/>
  <testcase classname="com.qa.testcases.LoginPageTest" name="loginTest" time="3.896"/>
</testsuite> <!-- testng1 -->
